{"D:\\practicum\\интенсив React\\Вебинар Тестирование\\1_precode\\src\\index.js": {"path":"D:\\practicum\\интенсив React\\Вебинар Тестирование\\1_precode\\src\\index.js","statementMap":{"0":{"start":{"line":10,"column":0},"end":{"line":19,"column":2}},"1":{"start":{"line":24,"column":0},"end":{"line":24,"column":27}}},"fnMap":{},"branchMap":{},"s":{"0":0,"1":0},"f":{},"b":{},"hash":"e0f88596d57c7239bba9c870cf7b56db42e3b730"}
,"D:\\practicum\\интенсив React\\Вебинар Тестирование\\1_precode\\src\\serviceWorker.js": {"path":"D:\\practicum\\интенсив React\\Вебинар Тестирование\\1_precode\\src\\serviceWorker.js","statementMap":{"0":{"start":{"line":13,"column":20},"end":{"line":21,"column":1}},"1":{"start":{"line":24,"column":2},"end":{"line":54,"column":3}},"2":{"start":{"line":26,"column":22},"end":{"line":26,"column":75}},"3":{"start":{"line":27,"column":4},"end":{"line":32,"column":5}},"4":{"start":{"line":31,"column":6},"end":{"line":31,"column":13}},"5":{"start":{"line":34,"column":4},"end":{"line":53,"column":7}},"6":{"start":{"line":35,"column":20},"end":{"line":35,"column":65}},"7":{"start":{"line":37,"column":6},"end":{"line":52,"column":7}},"8":{"start":{"line":39,"column":8},"end":{"line":39,"column":47}},"9":{"start":{"line":43,"column":8},"end":{"line":48,"column":11}},"10":{"start":{"line":44,"column":10},"end":{"line":47,"column":12}},"11":{"start":{"line":51,"column":8},"end":{"line":51,"column":39}},"12":{"start":{"line":58,"column":2},"end":{"line":98,"column":7}},"13":{"start":{"line":61,"column":6},"end":{"line":94,"column":8}},"14":{"start":{"line":62,"column":33},"end":{"line":62,"column":56}},"15":{"start":{"line":63,"column":8},"end":{"line":65,"column":9}},"16":{"start":{"line":64,"column":10},"end":{"line":64,"column":17}},"17":{"start":{"line":66,"column":8},"end":{"line":93,"column":10}},"18":{"start":{"line":67,"column":10},"end":{"line":92,"column":11}},"19":{"start":{"line":68,"column":12},"end":{"line":91,"column":13}},"20":{"start":{"line":72,"column":14},"end":{"line":75,"column":16}},"21":{"start":{"line":78,"column":14},"end":{"line":80,"column":15}},"22":{"start":{"line":79,"column":16},"end":{"line":79,"column":46}},"23":{"start":{"line":85,"column":14},"end":{"line":85,"column":64}},"24":{"start":{"line":88,"column":14},"end":{"line":90,"column":15}},"25":{"start":{"line":89,"column":16},"end":{"line":89,"column":47}},"26":{"start":{"line":97,"column":6},"end":{"line":97,"column":72}},"27":{"start":{"line":103,"column":2},"end":{"line":128,"column":7}},"28":{"start":{"line":108,"column":26},"end":{"line":108,"column":62}},"29":{"start":{"line":109,"column":6},"end":{"line":122,"column":7}},"30":{"start":{"line":114,"column":8},"end":{"line":118,"column":11}},"31":{"start":{"line":115,"column":10},"end":{"line":117,"column":13}},"32":{"start":{"line":116,"column":12},"end":{"line":116,"column":37}},"33":{"start":{"line":121,"column":8},"end":{"line":121,"column":39}},"34":{"start":{"line":125,"column":6},"end":{"line":127,"column":8}},"35":{"start":{"line":132,"column":2},"end":{"line":140,"column":3}},"36":{"start":{"line":133,"column":4},"end":{"line":139,"column":9}},"37":{"start":{"line":135,"column":8},"end":{"line":135,"column":34}},"38":{"start":{"line":138,"column":8},"end":{"line":138,"column":37}}},"fnMap":{"0":{"name":"register","decl":{"start":{"line":23,"column":16},"end":{"line":23,"column":24}},"loc":{"start":{"line":23,"column":33},"end":{"line":55,"column":1}},"line":23},"1":{"name":"(anonymous_1)","decl":{"start":{"line":34,"column":36},"end":{"line":34,"column":37}},"loc":{"start":{"line":34,"column":42},"end":{"line":53,"column":5}},"line":34},"2":{"name":"(anonymous_2)","decl":{"start":{"line":43,"column":43},"end":{"line":43,"column":44}},"loc":{"start":{"line":43,"column":49},"end":{"line":48,"column":9}},"line":43},"3":{"name":"registerValidSW","decl":{"start":{"line":57,"column":9},"end":{"line":57,"column":24}},"loc":{"start":{"line":57,"column":40},"end":{"line":99,"column":1}},"line":57},"4":{"name":"(anonymous_4)","decl":{"start":{"line":60,"column":10},"end":{"line":60,"column":11}},"loc":{"start":{"line":60,"column":26},"end":{"line":95,"column":5}},"line":60},"5":{"name":"(anonymous_5)","decl":{"start":{"line":61,"column":35},"end":{"line":61,"column":36}},"loc":{"start":{"line":61,"column":41},"end":{"line":94,"column":7}},"line":61},"6":{"name":"(anonymous_6)","decl":{"start":{"line":66,"column":41},"end":{"line":66,"column":42}},"loc":{"start":{"line":66,"column":47},"end":{"line":93,"column":9}},"line":66},"7":{"name":"(anonymous_7)","decl":{"start":{"line":96,"column":11},"end":{"line":96,"column":12}},"loc":{"start":{"line":96,"column":20},"end":{"line":98,"column":5}},"line":96},"8":{"name":"checkValidServiceWorker","decl":{"start":{"line":101,"column":9},"end":{"line":101,"column":32}},"loc":{"start":{"line":101,"column":48},"end":{"line":129,"column":1}},"line":101},"9":{"name":"(anonymous_9)","decl":{"start":{"line":106,"column":10},"end":{"line":106,"column":11}},"loc":{"start":{"line":106,"column":22},"end":{"line":123,"column":5}},"line":106},"10":{"name":"(anonymous_10)","decl":{"start":{"line":114,"column":43},"end":{"line":114,"column":44}},"loc":{"start":{"line":114,"column":59},"end":{"line":118,"column":9}},"line":114},"11":{"name":"(anonymous_11)","decl":{"start":{"line":115,"column":41},"end":{"line":115,"column":42}},"loc":{"start":{"line":115,"column":47},"end":{"line":117,"column":11}},"line":115},"12":{"name":"(anonymous_12)","decl":{"start":{"line":124,"column":11},"end":{"line":124,"column":12}},"loc":{"start":{"line":124,"column":17},"end":{"line":128,"column":5}},"line":124},"13":{"name":"unregister","decl":{"start":{"line":131,"column":16},"end":{"line":131,"column":26}},"loc":{"start":{"line":131,"column":29},"end":{"line":141,"column":1}},"line":131},"14":{"name":"(anonymous_14)","decl":{"start":{"line":134,"column":12},"end":{"line":134,"column":13}},"loc":{"start":{"line":134,"column":28},"end":{"line":136,"column":7}},"line":134},"15":{"name":"(anonymous_15)","decl":{"start":{"line":137,"column":13},"end":{"line":137,"column":14}},"loc":{"start":{"line":137,"column":22},"end":{"line":139,"column":7}},"line":137}},"branchMap":{"0":{"loc":{"start":{"line":14,"column":2},"end":{"line":20,"column":5}},"type":"binary-expr","locations":[{"start":{"line":14,"column":2},"end":{"line":14,"column":42}},{"start":{"line":16,"column":4},"end":{"line":16,"column":40}},{"start":{"line":18,"column":4},"end":{"line":20,"column":5}}],"line":14},"1":{"loc":{"start":{"line":24,"column":2},"end":{"line":54,"column":3}},"type":"if","locations":[{"start":{"line":24,"column":2},"end":{"line":54,"column":3}},{"start":{"line":24,"column":2},"end":{"line":54,"column":3}}],"line":24},"2":{"loc":{"start":{"line":24,"column":6},"end":{"line":24,"column":75}},"type":"binary-expr","locations":[{"start":{"line":24,"column":6},"end":{"line":24,"column":43}},{"start":{"line":24,"column":47},"end":{"line":24,"column":75}}],"line":24},"3":{"loc":{"start":{"line":27,"column":4},"end":{"line":32,"column":5}},"type":"if","locations":[{"start":{"line":27,"column":4},"end":{"line":32,"column":5}},{"start":{"line":27,"column":4},"end":{"line":32,"column":5}}],"line":27},"4":{"loc":{"start":{"line":37,"column":6},"end":{"line":52,"column":7}},"type":"if","locations":[{"start":{"line":37,"column":6},"end":{"line":52,"column":7}},{"start":{"line":37,"column":6},"end":{"line":52,"column":7}}],"line":37},"5":{"loc":{"start":{"line":63,"column":8},"end":{"line":65,"column":9}},"type":"if","locations":[{"start":{"line":63,"column":8},"end":{"line":65,"column":9}},{"start":{"line":63,"column":8},"end":{"line":65,"column":9}}],"line":63},"6":{"loc":{"start":{"line":67,"column":10},"end":{"line":92,"column":11}},"type":"if","locations":[{"start":{"line":67,"column":10},"end":{"line":92,"column":11}},{"start":{"line":67,"column":10},"end":{"line":92,"column":11}}],"line":67},"7":{"loc":{"start":{"line":68,"column":12},"end":{"line":91,"column":13}},"type":"if","locations":[{"start":{"line":68,"column":12},"end":{"line":91,"column":13}},{"start":{"line":68,"column":12},"end":{"line":91,"column":13}}],"line":68},"8":{"loc":{"start":{"line":78,"column":14},"end":{"line":80,"column":15}},"type":"if","locations":[{"start":{"line":78,"column":14},"end":{"line":80,"column":15}},{"start":{"line":78,"column":14},"end":{"line":80,"column":15}}],"line":78},"9":{"loc":{"start":{"line":78,"column":18},"end":{"line":78,"column":43}},"type":"binary-expr","locations":[{"start":{"line":78,"column":18},"end":{"line":78,"column":24}},{"start":{"line":78,"column":28},"end":{"line":78,"column":43}}],"line":78},"10":{"loc":{"start":{"line":88,"column":14},"end":{"line":90,"column":15}},"type":"if","locations":[{"start":{"line":88,"column":14},"end":{"line":90,"column":15}},{"start":{"line":88,"column":14},"end":{"line":90,"column":15}}],"line":88},"11":{"loc":{"start":{"line":88,"column":18},"end":{"line":88,"column":44}},"type":"binary-expr","locations":[{"start":{"line":88,"column":18},"end":{"line":88,"column":24}},{"start":{"line":88,"column":28},"end":{"line":88,"column":44}}],"line":88},"12":{"loc":{"start":{"line":109,"column":6},"end":{"line":122,"column":7}},"type":"if","locations":[{"start":{"line":109,"column":6},"end":{"line":122,"column":7}},{"start":{"line":109,"column":6},"end":{"line":122,"column":7}}],"line":109},"13":{"loc":{"start":{"line":110,"column":8},"end":{"line":111,"column":73}},"type":"binary-expr","locations":[{"start":{"line":110,"column":8},"end":{"line":110,"column":31}},{"start":{"line":111,"column":9},"end":{"line":111,"column":28}},{"start":{"line":111,"column":32},"end":{"line":111,"column":72}}],"line":110},"14":{"loc":{"start":{"line":132,"column":2},"end":{"line":140,"column":3}},"type":"if","locations":[{"start":{"line":132,"column":2},"end":{"line":140,"column":3}},{"start":{"line":132,"column":2},"end":{"line":140,"column":3}}],"line":132}},"s":{"0":0,"1":0,"2":0,"3":0,"4":0,"5":0,"6":0,"7":0,"8":0,"9":0,"10":0,"11":0,"12":0,"13":0,"14":0,"15":0,"16":0,"17":0,"18":0,"19":0,"20":0,"21":0,"22":0,"23":0,"24":0,"25":0,"26":0,"27":0,"28":0,"29":0,"30":0,"31":0,"32":0,"33":0,"34":0,"35":0,"36":0,"37":0,"38":0},"f":{"0":0,"1":0,"2":0,"3":0,"4":0,"5":0,"6":0,"7":0,"8":0,"9":0,"10":0,"11":0,"12":0,"13":0,"14":0,"15":0},"b":{"0":[0,0,0],"1":[0,0],"2":[0,0],"3":[0,0],"4":[0,0],"5":[0,0],"6":[0,0],"7":[0,0],"8":[0,0],"9":[0,0],"10":[0,0],"11":[0,0],"12":[0,0],"13":[0,0,0],"14":[0,0]},"hash":"a3a7fcfc0c4f8899df93b64f77a5ce2b0deaee19"}
,"D:\\practicum\\интенсив React\\Вебинар Тестирование\\1_precode\\src\\components\\AddPlacePopup.js": {"path":"D:\\practicum\\интенсив React\\Вебинар Тестирование\\1_precode\\src\\components\\AddPlacePopup.js","statementMap":{"0":{"start":{"line":10,"column":19},"end":{"line":10,"column":32}},"1":{"start":{"line":11,"column":20},"end":{"line":11,"column":49}},"2":{"start":{"line":12,"column":23},"end":{"line":12,"column":52}},"3":{"start":{"line":19,"column":6},"end":{"line":19,"column":29}},"4":{"start":{"line":21,"column":2},"end":{"line":23,"column":26}},"5":{"start":{"line":22,"column":4},"end":{"line":22,"column":16}},"6":{"start":{"line":26,"column":4},"end":{"line":26,"column":25}},"7":{"start":{"line":27,"column":4},"end":{"line":27,"column":52}},"8":{"start":{"line":27,"column":41},"end":{"line":27,"column":50}},"9":{"start":{"line":30,"column":2},"end":{"line":76,"column":4}},"10":{"start":{"line":79,"column":0},"end":{"line":82,"column":2}}},"fnMap":{"0":{"name":"AddPlacePopup","decl":{"start":{"line":9,"column":9},"end":{"line":9,"column":22}},"loc":{"start":{"line":9,"column":44},"end":{"line":77,"column":1}},"line":9},"1":{"name":"(anonymous_1)","decl":{"start":{"line":21,"column":12},"end":{"line":21,"column":13}},"loc":{"start":{"line":21,"column":18},"end":{"line":23,"column":3}},"line":21},"2":{"name":"handleSubmit","decl":{"start":{"line":25,"column":11},"end":{"line":25,"column":23}},"loc":{"start":{"line":25,"column":29},"end":{"line":28,"column":3}},"line":25},"3":{"name":"(anonymous_3)","decl":{"start":{"line":27,"column":35},"end":{"line":27,"column":36}},"loc":{"start":{"line":27,"column":41},"end":{"line":27,"column":50}},"line":27}},"branchMap":{"0":{"loc":{"start":{"line":37,"column":18},"end":{"line":37,"column":59}},"type":"cond-expr","locations":[{"start":{"line":37,"column":30},"end":{"line":37,"column":45}},{"start":{"line":37,"column":48},"end":{"line":37,"column":59}}],"line":37},"1":{"loc":{"start":{"line":38,"column":18},"end":{"line":38,"column":39}},"type":"binary-expr","locations":[{"start":{"line":38,"column":18},"end":{"line":38,"column":26}},{"start":{"line":38,"column":30},"end":{"line":38,"column":39}}],"line":38},"2":{"loc":{"start":{"line":50,"column":17},"end":{"line":50,"column":34}},"type":"binary-expr","locations":[{"start":{"line":50,"column":17},"end":{"line":50,"column":28}},{"start":{"line":50,"column":32},"end":{"line":50,"column":34}}],"line":50},"3":{"loc":{"start":{"line":54,"column":11},"end":{"line":54,"column":28}},"type":"binary-expr","locations":[{"start":{"line":54,"column":11},"end":{"line":54,"column":22}},{"start":{"line":54,"column":26},"end":{"line":54,"column":28}}],"line":54},"4":{"loc":{"start":{"line":65,"column":17},"end":{"line":65,"column":34}},"type":"binary-expr","locations":[{"start":{"line":65,"column":17},"end":{"line":65,"column":28}},{"start":{"line":65,"column":32},"end":{"line":65,"column":34}}],"line":65},"5":{"loc":{"start":{"line":69,"column":11},"end":{"line":69,"column":28}},"type":"binary-expr","locations":[{"start":{"line":69,"column":11},"end":{"line":69,"column":22}},{"start":{"line":69,"column":26},"end":{"line":69,"column":28}}],"line":69},"6":{"loc":{"start":{"line":72,"column":7},"end":{"line":74,"column":7}},"type":"binary-expr","locations":[{"start":{"line":72,"column":7},"end":{"line":72,"column":21}},{"start":{"line":73,"column":8},"end":{"line":73,"column":78}}],"line":72}},"s":{"0":0,"1":0,"2":0,"3":0,"4":0,"5":0,"6":0,"7":0,"8":0,"9":0,"10":0},"f":{"0":0,"1":0,"2":0,"3":0},"b":{"0":[0,0],"1":[0,0],"2":[0,0],"3":[0,0],"4":[0,0],"5":[0,0],"6":[0,0]},"hash":"335c6179f222f4280aa1c0c364f6b00479056f8e"}
,"D:\\practicum\\интенсив React\\Вебинар Тестирование\\1_precode\\src\\components\\App.js": {"path":"D:\\practicum\\интенсив React\\Вебинар Тестирование\\1_precode\\src\\components\\App.js","statementMap":{"0":{"start":{"line":16,"column":19},"end":{"line":16,"column":32}},"1":{"start":{"line":17,"column":44},"end":{"line":17,"column":60}},"2":{"start":{"line":18,"column":27},"end":{"line":18,"column":51}},"3":{"start":{"line":18,"column":33},"end":{"line":18,"column":51}},"4":{"start":{"line":19,"column":21},"end":{"line":19,"column":43}},"5":{"start":{"line":21,"column":2},"end":{"line":23,"column":17}},"6":{"start":{"line":22,"column":4},"end":{"line":22,"column":26}},"7":{"start":{"line":25,"column":2},"end":{"line":53,"column":4}}},"fnMap":{"0":{"name":"App","decl":{"start":{"line":15,"column":9},"end":{"line":15,"column":12}},"loc":{"start":{"line":15,"column":15},"end":{"line":54,"column":1}},"line":15},"1":{"name":"(anonymous_1)","decl":{"start":{"line":18,"column":27},"end":{"line":18,"column":28}},"loc":{"start":{"line":18,"column":33},"end":{"line":18,"column":51}},"line":18},"2":{"name":"(anonymous_2)","decl":{"start":{"line":21,"column":18},"end":{"line":21,"column":19}},"loc":{"start":{"line":21,"column":24},"end":{"line":23,"column":3}},"line":21}},"branchMap":{"0":{"loc":{"start":{"line":33,"column":11},"end":{"line":33,"column":44}},"type":"binary-expr","locations":[{"start":{"line":33,"column":11},"end":{"line":33,"column":21}},{"start":{"line":33,"column":25},"end":{"line":33,"column":44}}],"line":33},"1":{"loc":{"start":{"line":37,"column":11},"end":{"line":37,"column":44}},"type":"binary-expr","locations":[{"start":{"line":37,"column":11},"end":{"line":37,"column":21}},{"start":{"line":37,"column":25},"end":{"line":37,"column":44}}],"line":37},"2":{"loc":{"start":{"line":41,"column":11},"end":{"line":41,"column":72}},"type":"cond-expr","locations":[{"start":{"line":41,"column":24},"end":{"line":41,"column":43}},{"start":{"line":41,"column":46},"end":{"line":41,"column":72}}],"line":41}},"s":{"0":0,"1":0,"2":0,"3":0,"4":0,"5":0,"6":0,"7":0},"f":{"0":0,"1":0,"2":0},"b":{"0":[0,0],"1":[0,0],"2":[0,0]},"hash":"d2d8718f1b5e11dd1fb733489e251bb7728430c8"}
,"D:\\practicum\\интенсив React\\Вебинар Тестирование\\1_precode\\src\\components\\Card.js": {"path":"D:\\practicum\\интенсив React\\Вебинар Тестирование\\1_precode\\src\\components\\Card.js","statementMap":{"0":{"start":{"line":9,"column":19},"end":{"line":9,"column":32}},"1":{"start":{"line":10,"column":22},"end":{"line":10,"column":49}},"2":{"start":{"line":13,"column":4},"end":{"line":13,"column":23}},"3":{"start":{"line":16,"column":18},"end":{"line":16,"column":67}},"4":{"start":{"line":16,"column":41},"end":{"line":16,"column":66}},"5":{"start":{"line":17,"column":34},"end":{"line":19,"column":4}},"6":{"start":{"line":21,"column":16},"end":{"line":21,"column":50}},"7":{"start":{"line":22,"column":36},"end":{"line":24,"column":4}},"8":{"start":{"line":27,"column":4},"end":{"line":27,"column":55}},"9":{"start":{"line":31,"column":4},"end":{"line":31,"column":19}},"10":{"start":{"line":34,"column":2},"end":{"line":58,"column":4}},"11":{"start":{"line":61,"column":0},"end":{"line":65,"column":2}}},"fnMap":{"0":{"name":"Card","decl":{"start":{"line":8,"column":9},"end":{"line":8,"column":13}},"loc":{"start":{"line":8,"column":48},"end":{"line":59,"column":1}},"line":8},"1":{"name":"handleImageClick","decl":{"start":{"line":12,"column":11},"end":{"line":12,"column":27}},"loc":{"start":{"line":12,"column":30},"end":{"line":14,"column":3}},"line":12},"2":{"name":"(anonymous_2)","decl":{"start":{"line":16,"column":34},"end":{"line":16,"column":35}},"loc":{"start":{"line":16,"column":41},"end":{"line":16,"column":66}},"line":16},"3":{"name":"handleLikeClick","decl":{"start":{"line":26,"column":11},"end":{"line":26,"column":26}},"loc":{"start":{"line":26,"column":29},"end":{"line":28,"column":3}},"line":26},"4":{"name":"handleDeleteClick","decl":{"start":{"line":30,"column":11},"end":{"line":30,"column":28}},"loc":{"start":{"line":30,"column":31},"end":{"line":32,"column":3}},"line":30}},"branchMap":{"0":{"loc":{"start":{"line":18,"column":4},"end":{"line":18,"column":44}},"type":"binary-expr","locations":[{"start":{"line":18,"column":4},"end":{"line":18,"column":11}},{"start":{"line":18,"column":15},"end":{"line":18,"column":44}}],"line":18},"1":{"loc":{"start":{"line":23,"column":4},"end":{"line":23,"column":72}},"type":"cond-expr","locations":[{"start":{"line":23,"column":12},"end":{"line":23,"column":41}},{"start":{"line":23,"column":44},"end":{"line":23,"column":72}}],"line":23}},"s":{"0":0,"1":0,"2":0,"3":0,"4":0,"5":0,"6":0,"7":0,"8":0,"9":0,"10":0,"11":0},"f":{"0":0,"1":0,"2":0,"3":0,"4":0},"b":{"0":[0,0],"1":[0,0]},"hash":"e28946b6dd83c445e97ed60f5564cefcaa1b5272"}
,"D:\\practicum\\интенсив React\\Вебинар Тестирование\\1_precode\\src\\components\\EditAvatarPopup.js": {"path":"D:\\practicum\\интенсив React\\Вебинар Тестирование\\1_precode\\src\\components\\EditAvatarPopup.js","statementMap":{"0":{"start":{"line":16,"column":19},"end":{"line":16,"column":32}},"1":{"start":{"line":17,"column":22},"end":{"line":17,"column":49}},"2":{"start":{"line":18,"column":20},"end":{"line":18,"column":51}},"3":{"start":{"line":19,"column":23},"end":{"line":19,"column":56}},"4":{"start":{"line":26,"column":6},"end":{"line":26,"column":29}},"5":{"start":{"line":28,"column":2},"end":{"line":32,"column":31}},"6":{"start":{"line":29,"column":4},"end":{"line":31,"column":5}},"7":{"start":{"line":30,"column":6},"end":{"line":30,"column":40}},"8":{"start":{"line":35,"column":4},"end":{"line":35,"column":25}},"9":{"start":{"line":36,"column":4},"end":{"line":36,"column":55}},"10":{"start":{"line":36,"column":44},"end":{"line":36,"column":53}},"11":{"start":{"line":39,"column":2},"end":{"line":68,"column":4}},"12":{"start":{"line":71,"column":0},"end":{"line":74,"column":2}}},"fnMap":{"0":{"name":"EditAvatarPopup","decl":{"start":{"line":15,"column":9},"end":{"line":15,"column":24}},"loc":{"start":{"line":15,"column":46},"end":{"line":69,"column":1}},"line":15},"1":{"name":"(anonymous_1)","decl":{"start":{"line":28,"column":12},"end":{"line":28,"column":13}},"loc":{"start":{"line":28,"column":18},"end":{"line":32,"column":3}},"line":28},"2":{"name":"handleSubmit","decl":{"start":{"line":34,"column":11},"end":{"line":34,"column":23}},"loc":{"start":{"line":34,"column":29},"end":{"line":37,"column":3}},"line":34},"3":{"name":"(anonymous_3)","decl":{"start":{"line":36,"column":38},"end":{"line":36,"column":39}},"loc":{"start":{"line":36,"column":44},"end":{"line":36,"column":53}},"line":36}},"branchMap":{"0":{"loc":{"start":{"line":29,"column":4},"end":{"line":31,"column":5}},"type":"if","locations":[{"start":{"line":29,"column":4},"end":{"line":31,"column":5}},{"start":{"line":29,"column":4},"end":{"line":31,"column":5}}],"line":29},"1":{"loc":{"start":{"line":46,"column":18},"end":{"line":46,"column":59}},"type":"cond-expr","locations":[{"start":{"line":46,"column":30},"end":{"line":46,"column":45}},{"start":{"line":46,"column":48},"end":{"line":46,"column":59}}],"line":46},"2":{"loc":{"start":{"line":56,"column":17},"end":{"line":56,"column":36}},"type":"binary-expr","locations":[{"start":{"line":56,"column":17},"end":{"line":56,"column":30}},{"start":{"line":56,"column":34},"end":{"line":56,"column":36}}],"line":56},"3":{"loc":{"start":{"line":61,"column":11},"end":{"line":61,"column":30}},"type":"binary-expr","locations":[{"start":{"line":61,"column":11},"end":{"line":61,"column":24}},{"start":{"line":61,"column":28},"end":{"line":61,"column":30}}],"line":61},"4":{"loc":{"start":{"line":64,"column":7},"end":{"line":66,"column":7}},"type":"binary-expr","locations":[{"start":{"line":64,"column":7},"end":{"line":64,"column":21}},{"start":{"line":65,"column":8},"end":{"line":65,"column":78}}],"line":64}},"s":{"0":0,"1":0,"2":0,"3":0,"4":0,"5":0,"6":0,"7":0,"8":0,"9":0,"10":0,"11":0,"12":0},"f":{"0":0,"1":0,"2":0,"3":0},"b":{"0":[0,0],"1":[0,0],"2":[0,0],"3":[0,0],"4":[0,0]},"hash":"502b5a44e2eba40c93e0fd9a46bee429ce475a7e"}
,"D:\\practicum\\интенсив React\\Вебинар Тестирование\\1_precode\\src\\components\\EditProfilePopup.js": {"path":"D:\\practicum\\интенсив React\\Вебинар Тестирование\\1_precode\\src\\components\\EditProfilePopup.js","statementMap":{"0":{"start":{"line":15,"column":19},"end":{"line":15,"column":32}},"1":{"start":{"line":16,"column":22},"end":{"line":16,"column":49}},"2":{"start":{"line":17,"column":20},"end":{"line":17,"column":49}},"3":{"start":{"line":18,"column":23},"end":{"line":18,"column":54}},"4":{"start":{"line":25,"column":6},"end":{"line":25,"column":29}},"5":{"start":{"line":27,"column":2},"end":{"line":31,"column":31}},"6":{"start":{"line":28,"column":4},"end":{"line":30,"column":5}},"7":{"start":{"line":29,"column":6},"end":{"line":29,"column":39}},"8":{"start":{"line":34,"column":4},"end":{"line":34,"column":25}},"9":{"start":{"line":35,"column":4},"end":{"line":35,"column":53}},"10":{"start":{"line":35,"column":42},"end":{"line":35,"column":51}},"11":{"start":{"line":38,"column":2},"end":{"line":87,"column":4}},"12":{"start":{"line":90,"column":0},"end":{"line":93,"column":2}}},"fnMap":{"0":{"name":"EditProfilePopup","decl":{"start":{"line":14,"column":9},"end":{"line":14,"column":25}},"loc":{"start":{"line":14,"column":47},"end":{"line":88,"column":1}},"line":14},"1":{"name":"(anonymous_1)","decl":{"start":{"line":27,"column":12},"end":{"line":27,"column":13}},"loc":{"start":{"line":27,"column":18},"end":{"line":31,"column":3}},"line":27},"2":{"name":"handleSubmit","decl":{"start":{"line":33,"column":11},"end":{"line":33,"column":23}},"loc":{"start":{"line":33,"column":29},"end":{"line":36,"column":3}},"line":33},"3":{"name":"(anonymous_3)","decl":{"start":{"line":35,"column":36},"end":{"line":35,"column":37}},"loc":{"start":{"line":35,"column":42},"end":{"line":35,"column":51}},"line":35}},"branchMap":{"0":{"loc":{"start":{"line":28,"column":4},"end":{"line":30,"column":5}},"type":"if","locations":[{"start":{"line":28,"column":4},"end":{"line":30,"column":5}},{"start":{"line":28,"column":4},"end":{"line":30,"column":5}}],"line":28},"1":{"loc":{"start":{"line":45,"column":18},"end":{"line":45,"column":59}},"type":"cond-expr","locations":[{"start":{"line":45,"column":30},"end":{"line":45,"column":45}},{"start":{"line":45,"column":48},"end":{"line":45,"column":59}}],"line":45},"2":{"loc":{"start":{"line":46,"column":18},"end":{"line":46,"column":39}},"type":"binary-expr","locations":[{"start":{"line":46,"column":18},"end":{"line":46,"column":26}},{"start":{"line":46,"column":30},"end":{"line":46,"column":39}}],"line":46},"3":{"loc":{"start":{"line":59,"column":17},"end":{"line":59,"column":34}},"type":"binary-expr","locations":[{"start":{"line":59,"column":17},"end":{"line":59,"column":28}},{"start":{"line":59,"column":32},"end":{"line":59,"column":34}}],"line":59},"4":{"loc":{"start":{"line":63,"column":11},"end":{"line":63,"column":28}},"type":"binary-expr","locations":[{"start":{"line":63,"column":11},"end":{"line":63,"column":22}},{"start":{"line":63,"column":26},"end":{"line":63,"column":28}}],"line":63},"5":{"loc":{"start":{"line":76,"column":17},"end":{"line":76,"column":35}},"type":"binary-expr","locations":[{"start":{"line":76,"column":17},"end":{"line":76,"column":29}},{"start":{"line":76,"column":33},"end":{"line":76,"column":35}}],"line":76},"6":{"loc":{"start":{"line":80,"column":11},"end":{"line":80,"column":29}},"type":"binary-expr","locations":[{"start":{"line":80,"column":11},"end":{"line":80,"column":23}},{"start":{"line":80,"column":27},"end":{"line":80,"column":29}}],"line":80},"7":{"loc":{"start":{"line":83,"column":7},"end":{"line":85,"column":7}},"type":"binary-expr","locations":[{"start":{"line":83,"column":7},"end":{"line":83,"column":21}},{"start":{"line":84,"column":8},"end":{"line":84,"column":78}}],"line":83}},"s":{"0":0,"1":0,"2":0,"3":0,"4":0,"5":0,"6":0,"7":0,"8":0,"9":0,"10":0,"11":0,"12":0},"f":{"0":0,"1":0,"2":0,"3":0},"b":{"0":[0,0],"1":[0,0],"2":[0,0],"3":[0,0],"4":[0,0],"5":[0,0],"6":[0,0],"7":[0,0]},"hash":"a30a2f6ea718b926a1676631d71f009dc6faa170"}
,"D:\\practicum\\интенсив React\\Вебинар Тестирование\\1_precode\\src\\components\\Footer.js": {"path":"D:\\practicum\\интенсив React\\Вебинар Тестирование\\1_precode\\src\\components\\Footer.js","statementMap":{"0":{"start":{"line":4,"column":2},"end":{"line":10,"column":4}}},"fnMap":{"0":{"name":"Footer","decl":{"start":{"line":3,"column":9},"end":{"line":3,"column":15}},"loc":{"start":{"line":3,"column":18},"end":{"line":11,"column":1}},"line":3}},"branchMap":{},"s":{"0":0},"f":{"0":0},"b":{},"hash":"9230d1840e2e1363907fdcb091032bcd6384dfc8"}
,"D:\\practicum\\интенсив React\\Вебинар Тестирование\\1_precode\\src\\components\\Header.js": {"path":"D:\\practicum\\интенсив React\\Вебинар Тестирование\\1_precode\\src\\components\\Header.js","statementMap":{"0":{"start":{"line":10,"column":36},"end":{"line":10,"column":51}},"1":{"start":{"line":12,"column":19},"end":{"line":12,"column":32}},"2":{"start":{"line":13,"column":18},"end":{"line":13,"column":48}},"3":{"start":{"line":15,"column":21},"end":{"line":15,"column":51}},"4":{"start":{"line":15,"column":27},"end":{"line":15,"column":51}},"5":{"start":{"line":16,"column":24},"end":{"line":16,"column":49}},"6":{"start":{"line":16,"column":30},"end":{"line":16,"column":49}},"7":{"start":{"line":18,"column":17},"end":{"line":18,"column":56}},"8":{"start":{"line":20,"column":2},"end":{"line":61,"column":4}}},"fnMap":{"0":{"name":"Header","decl":{"start":{"line":9,"column":9},"end":{"line":9,"column":15}},"loc":{"start":{"line":9,"column":18},"end":{"line":62,"column":1}},"line":9},"1":{"name":"(anonymous_1)","decl":{"start":{"line":15,"column":21},"end":{"line":15,"column":22}},"loc":{"start":{"line":15,"column":27},"end":{"line":15,"column":51}},"line":15},"2":{"name":"(anonymous_2)","decl":{"start":{"line":16,"column":24},"end":{"line":16,"column":25}},"loc":{"start":{"line":16,"column":30},"end":{"line":16,"column":49}},"line":16}},"branchMap":{"0":{"loc":{"start":{"line":13,"column":18},"end":{"line":13,"column":48}},"type":"binary-expr","locations":[{"start":{"line":13,"column":18},"end":{"line":13,"column":42}},{"start":{"line":13,"column":46},"end":{"line":13,"column":48}}],"line":13},"1":{"loc":{"start":{"line":24,"column":11},"end":{"line":24,"column":47}},"type":"cond-expr","locations":[{"start":{"line":24,"column":24},"end":{"line":24,"column":42}},{"start":{"line":24,"column":45},"end":{"line":24,"column":47}}],"line":24},"2":{"loc":{"start":{"line":25,"column":11},"end":{"line":25,"column":43}},"type":"cond-expr","locations":[{"start":{"line":25,"column":20},"end":{"line":25,"column":38}},{"start":{"line":25,"column":41},"end":{"line":25,"column":43}}],"line":25}},"s":{"0":0,"1":0,"2":0,"3":0,"4":0,"5":0,"6":0,"7":0,"8":0},"f":{"0":0,"1":0,"2":0},"b":{"0":[0,0],"1":[0,0],"2":[0,0]},"hash":"20487b393feae639dcf559487e03fcc763c48e94"}
,"D:\\practicum\\интенсив React\\Вебинар Тестирование\\1_precode\\src\\components\\ImagePopup.js": {"path":"D:\\practicum\\интенсив React\\Вебинар Тестирование\\1_precode\\src\\components\\ImagePopup.js","statementMap":{"0":{"start":{"line":6,"column":17},"end":{"line":6,"column":23}},"1":{"start":{"line":8,"column":2},"end":{"line":22,"column":4}},"2":{"start":{"line":25,"column":0},"end":{"line":31,"column":1}}},"fnMap":{"0":{"name":"ImagePopup","decl":{"start":{"line":5,"column":9},"end":{"line":5,"column":19}},"loc":{"start":{"line":5,"column":39},"end":{"line":23,"column":1}},"line":5}},"branchMap":{"0":{"loc":{"start":{"line":16,"column":13},"end":{"line":16,"column":34}},"type":"cond-expr","locations":[{"start":{"line":16,"column":20},"end":{"line":16,"column":29}},{"start":{"line":16,"column":32},"end":{"line":16,"column":34}}],"line":16},"1":{"loc":{"start":{"line":17,"column":13},"end":{"line":17,"column":34}},"type":"cond-expr","locations":[{"start":{"line":17,"column":20},"end":{"line":17,"column":29}},{"start":{"line":17,"column":32},"end":{"line":17,"column":34}}],"line":17},"2":{"loc":{"start":{"line":20,"column":37},"end":{"line":20,"column":58}},"type":"cond-expr","locations":[{"start":{"line":20,"column":44},"end":{"line":20,"column":53}},{"start":{"line":20,"column":56},"end":{"line":20,"column":58}}],"line":20}},"s":{"0":0,"1":0,"2":0},"f":{"0":0},"b":{"0":[0,0],"1":[0,0],"2":[0,0]},"hash":"90a5473c3fd94c5cbcbe6b108babe6890c10f4b8"}
,"D:\\practicum\\интенсив React\\Вебинар Тестирование\\1_precode\\src\\components\\InfoTooltip.js": {"path":"D:\\practicum\\интенсив React\\Вебинар Тестирование\\1_precode\\src\\components\\InfoTooltip.js","statementMap":{"0":{"start":{"line":7,"column":14},"end":{"line":10,"column":1}},"1":{"start":{"line":13,"column":2},"end":{"line":18,"column":4}},"2":{"start":{"line":21,"column":0},"end":{"line":28,"column":1}}},"fnMap":{"0":{"name":"InfoTooltip","decl":{"start":{"line":12,"column":9},"end":{"line":12,"column":20}},"loc":{"start":{"line":12,"column":75},"end":{"line":19,"column":1}},"line":12}},"branchMap":{"0":{"loc":{"start":{"line":12,"column":48},"end":{"line":12,"column":71}},"type":"default-arg","locations":[{"start":{"line":12,"column":69},"end":{"line":12,"column":71}}],"line":12}},"s":{"0":0,"1":0,"2":0},"f":{"0":0},"b":{"0":[0]},"hash":"384e0dbd9c479d731883a439235d805fc952dcfd"}
,"D:\\practicum\\интенсив React\\Вебинар Тестирование\\1_precode\\src\\components\\Login.js": {"path":"D:\\practicum\\интенсив React\\Вебинар Тестирование\\1_precode\\src\\components\\Login.js","statementMap":{"0":{"start":{"line":10,"column":18},"end":{"line":10,"column":30}},"1":{"start":{"line":11,"column":19},"end":{"line":11,"column":32}},"2":{"start":{"line":12,"column":24},"end":{"line":12,"column":52}},"3":{"start":{"line":13,"column":35},"end":{"line":13,"column":44}},"4":{"start":{"line":16,"column":4},"end":{"line":16,"column":25}},"5":{"start":{"line":17,"column":4},"end":{"line":26,"column":9}},"6":{"start":{"line":19,"column":8},"end":{"line":19,"column":26}},"7":{"start":{"line":22,"column":8},"end":{"line":25,"column":11}},"8":{"start":{"line":29,"column":2},"end":{"line":68,"column":4}},"9":{"start":{"line":71,"column":0},"end":{"line":73,"column":1}}},"fnMap":{"0":{"name":"Login","decl":{"start":{"line":9,"column":9},"end":{"line":9,"column":14}},"loc":{"start":{"line":9,"column":31},"end":{"line":69,"column":1}},"line":9},"1":{"name":"handleSubmit","decl":{"start":{"line":15,"column":11},"end":{"line":15,"column":23}},"loc":{"start":{"line":15,"column":29},"end":{"line":27,"column":3}},"line":15},"2":{"name":"(anonymous_2)","decl":{"start":{"line":18,"column":12},"end":{"line":18,"column":13}},"loc":{"start":{"line":18,"column":18},"end":{"line":20,"column":7}},"line":18},"3":{"name":"(anonymous_3)","decl":{"start":{"line":21,"column":13},"end":{"line":21,"column":14}},"loc":{"start":{"line":21,"column":19},"end":{"line":26,"column":7}},"line":21}},"branchMap":{"0":{"loc":{"start":{"line":41,"column":21},"end":{"line":41,"column":39}},"type":"binary-expr","locations":[{"start":{"line":41,"column":21},"end":{"line":41,"column":33}},{"start":{"line":41,"column":37},"end":{"line":41,"column":39}}],"line":41},"1":{"loc":{"start":{"line":53,"column":21},"end":{"line":53,"column":42}},"type":"binary-expr","locations":[{"start":{"line":53,"column":21},"end":{"line":53,"column":36}},{"start":{"line":53,"column":40},"end":{"line":53,"column":42}}],"line":53},"2":{"loc":{"start":{"line":64,"column":11},"end":{"line":64,"column":42}},"type":"cond-expr","locations":[{"start":{"line":64,"column":23},"end":{"line":64,"column":32}},{"start":{"line":64,"column":35},"end":{"line":64,"column":42}}],"line":64}},"s":{"0":0,"1":0,"2":0,"3":0,"4":0,"5":0,"6":0,"7":0,"8":0,"9":0},"f":{"0":0,"1":0,"2":0,"3":0},"b":{"0":[0,0],"1":[0,0],"2":[0,0]},"hash":"5f8b5769fde68d997944cf1cbc147a7e3564e4ca"}
,"D:\\practicum\\интенсив React\\Вебинар Тестирование\\1_precode\\src\\components\\Main.js": {"path":"D:\\practicum\\интенсив React\\Вебинар Тестирование\\1_precode\\src\\components\\Main.js","statementMap":{"0":{"start":{"line":23,"column":54},"end":{"line":23,"column":69}},"1":{"start":{"line":24,"column":50},"end":{"line":24,"column":65}},"2":{"start":{"line":25,"column":52},"end":{"line":25,"column":67}},"3":{"start":{"line":26,"column":42},"end":{"line":26,"column":56}},"4":{"start":{"line":27,"column":44},"end":{"line":27,"column":58}},"5":{"start":{"line":29,"column":19},"end":{"line":29,"column":32}},"6":{"start":{"line":30,"column":33},"end":{"line":30,"column":66}},"7":{"start":{"line":30,"column":39},"end":{"line":30,"column":66}},"8":{"start":{"line":31,"column":30},"end":{"line":31,"column":61}},"9":{"start":{"line":31,"column":36},"end":{"line":31,"column":61}},"10":{"start":{"line":32,"column":32},"end":{"line":32,"column":64}},"11":{"start":{"line":32,"column":38},"end":{"line":32,"column":64}},"12":{"start":{"line":33,"column":26},"end":{"line":33,"column":57}},"13":{"start":{"line":33,"column":36},"end":{"line":33,"column":57}},"14":{"start":{"line":35,"column":34},"end":{"line":35,"column":66}},"15":{"start":{"line":35,"column":44},"end":{"line":35,"column":66}},"16":{"start":{"line":37,"column":2},"end":{"line":40,"column":15}},"17":{"start":{"line":38,"column":4},"end":{"line":38,"column":26}},"18":{"start":{"line":39,"column":4},"end":{"line":39,"column":29}},"19":{"start":{"line":42,"column":27},"end":{"line":47,"column":3}},"20":{"start":{"line":43,"column":4},"end":{"line":43,"column":25}},"21":{"start":{"line":44,"column":4},"end":{"line":46,"column":45}},"22":{"start":{"line":45,"column":19},"end":{"line":45,"column":46}},"23":{"start":{"line":46,"column":21},"end":{"line":46,"column":43}},"24":{"start":{"line":50,"column":4},"end":{"line":50,"column":33}},"25":{"start":{"line":51,"column":4},"end":{"line":51,"column":31}},"26":{"start":{"line":52,"column":4},"end":{"line":52,"column":32}},"27":{"start":{"line":53,"column":4},"end":{"line":53,"column":26}},"28":{"start":{"line":54,"column":4},"end":{"line":54,"column":27}},"29":{"start":{"line":57,"column":22},"end":{"line":57,"column":49}},"30":{"start":{"line":58,"column":16},"end":{"line":58,"column":37}},"31":{"start":{"line":59,"column":25},"end":{"line":59,"column":55}},"32":{"start":{"line":60,"column":23},"end":{"line":60,"column":53}},"33":{"start":{"line":62,"column":2},"end":{"line":127,"column":4}},"34":{"start":{"line":94,"column":16},"end":{"line":99,"column":18}}},"fnMap":{"0":{"name":"Main","decl":{"start":{"line":22,"column":9},"end":{"line":22,"column":13}},"loc":{"start":{"line":22,"column":16},"end":{"line":128,"column":1}},"line":22},"1":{"name":"(anonymous_1)","decl":{"start":{"line":30,"column":33},"end":{"line":30,"column":34}},"loc":{"start":{"line":30,"column":39},"end":{"line":30,"column":66}},"line":30},"2":{"name":"(anonymous_2)","decl":{"start":{"line":31,"column":30},"end":{"line":31,"column":31}},"loc":{"start":{"line":31,"column":36},"end":{"line":31,"column":61}},"line":31},"3":{"name":"(anonymous_3)","decl":{"start":{"line":32,"column":32},"end":{"line":32,"column":33}},"loc":{"start":{"line":32,"column":38},"end":{"line":32,"column":64}},"line":32},"4":{"name":"(anonymous_4)","decl":{"start":{"line":33,"column":26},"end":{"line":33,"column":27}},"loc":{"start":{"line":33,"column":36},"end":{"line":33,"column":57}},"line":33},"5":{"name":"(anonymous_5)","decl":{"start":{"line":35,"column":34},"end":{"line":35,"column":35}},"loc":{"start":{"line":35,"column":44},"end":{"line":35,"column":66}},"line":35},"6":{"name":"(anonymous_6)","decl":{"start":{"line":37,"column":12},"end":{"line":37,"column":13}},"loc":{"start":{"line":37,"column":18},"end":{"line":40,"column":3}},"line":37},"7":{"name":"(anonymous_7)","decl":{"start":{"line":42,"column":27},"end":{"line":42,"column":28}},"loc":{"start":{"line":42,"column":36},"end":{"line":47,"column":3}},"line":42},"8":{"name":"(anonymous_8)","decl":{"start":{"line":45,"column":13},"end":{"line":45,"column":14}},"loc":{"start":{"line":45,"column":19},"end":{"line":45,"column":46}},"line":45},"9":{"name":"(anonymous_9)","decl":{"start":{"line":46,"column":15},"end":{"line":46,"column":16}},"loc":{"start":{"line":46,"column":21},"end":{"line":46,"column":43}},"line":46},"10":{"name":"closeAllPopups","decl":{"start":{"line":49,"column":11},"end":{"line":49,"column":25}},"loc":{"start":{"line":49,"column":28},"end":{"line":55,"column":3}},"line":49},"11":{"name":"(anonymous_11)","decl":{"start":{"line":93,"column":25},"end":{"line":93,"column":26}},"loc":{"start":{"line":94,"column":16},"end":{"line":99,"column":18}},"line":94}},"branchMap":{"0":{"loc":{"start":{"line":87,"column":11},"end":{"line":87,"column":42}},"type":"binary-expr","locations":[{"start":{"line":87,"column":11},"end":{"line":87,"column":25}},{"start":{"line":87,"column":29},"end":{"line":87,"column":42}}],"line":87},"1":{"loc":{"start":{"line":89,"column":11},"end":{"line":89,"column":76}},"type":"binary-expr","locations":[{"start":{"line":89,"column":11},"end":{"line":89,"column":23}},{"start":{"line":89,"column":27},"end":{"line":89,"column":76}}],"line":89},"2":{"loc":{"start":{"line":91,"column":11},"end":{"line":102,"column":11}},"type":"binary-expr","locations":[{"start":{"line":91,"column":11},"end":{"line":91,"column":26}},{"start":{"line":91,"column":30},"end":{"line":91,"column":43}},{"start":{"line":92,"column":12},"end":{"line":101,"column":17}}],"line":91}},"s":{"0":0,"1":0,"2":0,"3":0,"4":0,"5":0,"6":0,"7":0,"8":0,"9":0,"10":0,"11":0,"12":0,"13":0,"14":0,"15":0,"16":0,"17":0,"18":0,"19":0,"20":0,"21":0,"22":0,"23":0,"24":0,"25":0,"26":0,"27":0,"28":0,"29":0,"30":0,"31":0,"32":0,"33":0,"34":0},"f":{"0":0,"1":0,"2":0,"3":0,"4":0,"5":0,"6":0,"7":0,"8":0,"9":0,"10":0,"11":0},"b":{"0":[0,0],"1":[0,0],"2":[0,0,0]},"hash":"396c77668b671e90c442e50f893810fa4db68741"}
,"D:\\practicum\\интенсив React\\Вебинар Тестирование\\1_precode\\src\\components\\Popup.js": {"path":"D:\\practicum\\интенсив React\\Вебинар Тестирование\\1_precode\\src\\components\\Popup.js","statementMap":{"0":{"start":{"line":5,"column":2},"end":{"line":16,"column":24}},"1":{"start":{"line":6,"column":4},"end":{"line":6,"column":24}},"2":{"start":{"line":6,"column":17},"end":{"line":6,"column":24}},"3":{"start":{"line":7,"column":30},"end":{"line":11,"column":5}},"4":{"start":{"line":8,"column":6},"end":{"line":10,"column":7}},"5":{"start":{"line":9,"column":8},"end":{"line":9,"column":18}},"6":{"start":{"line":12,"column":4},"end":{"line":12,"column":60}},"7":{"start":{"line":13,"column":4},"end":{"line":15,"column":6}},"8":{"start":{"line":14,"column":6},"end":{"line":14,"column":65}},"9":{"start":{"line":18,"column":29},"end":{"line":22,"column":3}},"10":{"start":{"line":19,"column":4},"end":{"line":21,"column":5}},"11":{"start":{"line":20,"column":6},"end":{"line":20,"column":16}},"12":{"start":{"line":24,"column":2},"end":{"line":38,"column":4}},"13":{"start":{"line":41,"column":0},"end":{"line":47,"column":1}}},"fnMap":{"0":{"name":"Popup","decl":{"start":{"line":4,"column":9},"end":{"line":4,"column":14}},"loc":{"start":{"line":4,"column":78},"end":{"line":39,"column":1}},"line":4},"1":{"name":"(anonymous_1)","decl":{"start":{"line":5,"column":18},"end":{"line":5,"column":19}},"loc":{"start":{"line":5,"column":24},"end":{"line":16,"column":3}},"line":5},"2":{"name":"(anonymous_2)","decl":{"start":{"line":7,"column":30},"end":{"line":7,"column":31}},"loc":{"start":{"line":7,"column":41},"end":{"line":11,"column":5}},"line":7},"3":{"name":"(anonymous_3)","decl":{"start":{"line":13,"column":11},"end":{"line":13,"column":12}},"loc":{"start":{"line":13,"column":17},"end":{"line":15,"column":5}},"line":13},"4":{"name":"(anonymous_4)","decl":{"start":{"line":18,"column":29},"end":{"line":18,"column":30}},"loc":{"start":{"line":18,"column":40},"end":{"line":22,"column":3}},"line":18}},"branchMap":{"0":{"loc":{"start":{"line":4,"column":44},"end":{"line":4,"column":57}},"type":"default-arg","locations":[{"start":{"line":4,"column":55},"end":{"line":4,"column":57}}],"line":4},"1":{"loc":{"start":{"line":4,"column":59},"end":{"line":4,"column":74}},"type":"default-arg","locations":[{"start":{"line":4,"column":72},"end":{"line":4,"column":74}}],"line":4},"2":{"loc":{"start":{"line":6,"column":4},"end":{"line":6,"column":24}},"type":"if","locations":[{"start":{"line":6,"column":4},"end":{"line":6,"column":24}},{"start":{"line":6,"column":4},"end":{"line":6,"column":24}}],"line":6},"3":{"loc":{"start":{"line":8,"column":6},"end":{"line":10,"column":7}},"type":"if","locations":[{"start":{"line":8,"column":6},"end":{"line":10,"column":7}},{"start":{"line":8,"column":6},"end":{"line":10,"column":7}}],"line":8},"4":{"loc":{"start":{"line":19,"column":4},"end":{"line":21,"column":5}},"type":"if","locations":[{"start":{"line":19,"column":4},"end":{"line":21,"column":5}},{"start":{"line":19,"column":4},"end":{"line":21,"column":5}}],"line":19},"5":{"loc":{"start":{"line":19,"column":8},"end":{"line":19,"column":54}},"type":"binary-expr","locations":[{"start":{"line":19,"column":8},"end":{"line":19,"column":44}},{"start":{"line":19,"column":48},"end":{"line":19,"column":54}}],"line":19},"6":{"loc":{"start":{"line":26,"column":26},"end":{"line":26,"column":53}},"type":"binary-expr","locations":[{"start":{"line":26,"column":26},"end":{"line":26,"column":32}},{"start":{"line":26,"column":36},"end":{"line":26,"column":53}}],"line":26}},"s":{"0":0,"1":0,"2":0,"3":0,"4":0,"5":0,"6":0,"7":0,"8":0,"9":0,"10":0,"11":0,"12":0,"13":0},"f":{"0":0,"1":0,"2":0,"3":0,"4":0},"b":{"0":[0],"1":[0],"2":[0,0],"3":[0,0],"4":[0,0],"5":[0,0],"6":[0,0]},"hash":"d14d0727f868efdc8dabb577411e6c628e1a9ef8"}
,"D:\\practicum\\интенсив React\\Вебинар Тестирование\\1_precode\\src\\components\\PopupWithForm.js": {"path":"D:\\practicum\\интенсив React\\Вебинар Тестирование\\1_precode\\src\\components\\PopupWithForm.js","statementMap":{"0":{"start":{"line":15,"column":2},"end":{"line":36,"column":4}},"1":{"start":{"line":39,"column":0},"end":{"line":48,"column":1}}},"fnMap":{"0":{"name":"PopupWithForm","decl":{"start":{"line":5,"column":9},"end":{"line":5,"column":22}},"loc":{"start":{"line":14,"column":3},"end":{"line":37,"column":1}},"line":14}},"branchMap":{"0":{"loc":{"start":{"line":12,"column":2},"end":{"line":12,"column":26}},"type":"default-arg","locations":[{"start":{"line":12,"column":15},"end":{"line":12,"column":26}}],"line":12},"1":{"loc":{"start":{"line":13,"column":2},"end":{"line":13,"column":20}},"type":"default-arg","locations":[{"start":{"line":13,"column":15},"end":{"line":13,"column":20}}],"line":13},"2":{"loc":{"start":{"line":28,"column":12},"end":{"line":28,"column":50}},"type":"binary-expr","locations":[{"start":{"line":28,"column":12},"end":{"line":28,"column":22}},{"start":{"line":28,"column":26},"end":{"line":28,"column":50}}],"line":28}},"s":{"0":0,"1":0},"f":{"0":0},"b":{"0":[0],"1":[0],"2":[0,0]},"hash":"a6d1c36f2a0b790ba772d1c1017bb1557f150bf0"}
,"D:\\practicum\\интенсив React\\Вебинар Тестирование\\1_precode\\src\\components\\Preloader.js": {"path":"D:\\practicum\\интенсив React\\Вебинар Тестирование\\1_precode\\src\\components\\Preloader.js","statementMap":{"0":{"start":{"line":3,"column":18},"end":{"line":9,"column":1}},"1":{"start":{"line":4,"column":2},"end":{"line":8,"column":4}}},"fnMap":{"0":{"name":"(anonymous_0)","decl":{"start":{"line":3,"column":18},"end":{"line":3,"column":19}},"loc":{"start":{"line":3,"column":24},"end":{"line":9,"column":1}},"line":3}},"branchMap":{},"s":{"0":0,"1":0},"f":{"0":0},"b":{},"hash":"30a08a4f4b287e4b30b0103a32eddf47e21ce028"}
,"D:\\practicum\\интенсив React\\Вебинар Тестирование\\1_precode\\src\\components\\ProtectedRoute.js": {"path":"D:\\practicum\\интенсив React\\Вебинар Тестирование\\1_precode\\src\\components\\ProtectedRoute.js","statementMap":{"0":{"start":{"line":10,"column":23},"end":{"line":24,"column":2}},"1":{"start":{"line":11,"column":21},"end":{"line":11,"column":43}},"2":{"start":{"line":12,"column":21},"end":{"line":12,"column":51}},"3":{"start":{"line":14,"column":2},"end":{"line":24,"column":1}},"4":{"start":{"line":26,"column":0},"end":{"line":29,"column":1}}},"fnMap":{"0":{"name":"(anonymous_0)","decl":{"start":{"line":10,"column":23},"end":{"line":10,"column":24}},"loc":{"start":{"line":10,"column":45},"end":{"line":24,"column":2}},"line":10}},"branchMap":{"0":{"loc":{"start":{"line":16,"column":8},"end":{"line":22,"column":7}},"type":"cond-expr","locations":[{"start":{"line":17,"column":8},"end":{"line":19,"column":15}},{"start":{"line":21,"column":8},"end":{"line":21,"column":57}}],"line":16},"1":{"loc":{"start":{"line":21,"column":8},"end":{"line":21,"column":57}},"type":"cond-expr","locations":[{"start":{"line":21,"column":21},"end":{"line":21,"column":29}},{"start":{"line":21,"column":32},"end":{"line":21,"column":57}}],"line":21}},"s":{"0":0,"1":0,"2":0,"3":0,"4":0},"f":{"0":0},"b":{"0":[0,0],"1":[0,0]},"hash":"704bf61ccfbbd08f708ebbaa4572111343d49484"}
,"D:\\practicum\\интенсив React\\Вебинар Тестирование\\1_precode\\src\\components\\Register.js": {"path":"D:\\practicum\\интенсив React\\Вебинар Тестирование\\1_precode\\src\\components\\Register.js","statementMap":{"0":{"start":{"line":11,"column":18},"end":{"line":11,"column":30}},"1":{"start":{"line":12,"column":19},"end":{"line":12,"column":32}},"2":{"start":{"line":13,"column":24},"end":{"line":13,"column":55}},"3":{"start":{"line":14,"column":35},"end":{"line":14,"column":44}},"4":{"start":{"line":17,"column":4},"end":{"line":17,"column":25}},"5":{"start":{"line":18,"column":4},"end":{"line":32,"column":9}},"6":{"start":{"line":20,"column":8},"end":{"line":20,"column":32}},"7":{"start":{"line":21,"column":8},"end":{"line":24,"column":11}},"8":{"start":{"line":27,"column":8},"end":{"line":27,"column":24}},"9":{"start":{"line":28,"column":8},"end":{"line":31,"column":11}},"10":{"start":{"line":35,"column":2},"end":{"line":82,"column":4}},"11":{"start":{"line":85,"column":0},"end":{"line":87,"column":1}}},"fnMap":{"0":{"name":"Register","decl":{"start":{"line":10,"column":9},"end":{"line":10,"column":17}},"loc":{"start":{"line":10,"column":34},"end":{"line":83,"column":1}},"line":10},"1":{"name":"handleSubmit","decl":{"start":{"line":16,"column":11},"end":{"line":16,"column":23}},"loc":{"start":{"line":16,"column":29},"end":{"line":33,"column":3}},"line":16},"2":{"name":"(anonymous_2)","decl":{"start":{"line":19,"column":12},"end":{"line":19,"column":13}},"loc":{"start":{"line":19,"column":18},"end":{"line":25,"column":7}},"line":19},"3":{"name":"(anonymous_3)","decl":{"start":{"line":26,"column":13},"end":{"line":26,"column":14}},"loc":{"start":{"line":26,"column":22},"end":{"line":32,"column":7}},"line":26}},"branchMap":{"0":{"loc":{"start":{"line":47,"column":21},"end":{"line":47,"column":39}},"type":"binary-expr","locations":[{"start":{"line":47,"column":21},"end":{"line":47,"column":33}},{"start":{"line":47,"column":37},"end":{"line":47,"column":39}}],"line":47},"1":{"loc":{"start":{"line":59,"column":21},"end":{"line":59,"column":42}},"type":"binary-expr","locations":[{"start":{"line":59,"column":21},"end":{"line":59,"column":36}},{"start":{"line":59,"column":40},"end":{"line":59,"column":42}}],"line":59},"2":{"loc":{"start":{"line":71,"column":13},"end":{"line":71,"column":64}},"type":"cond-expr","locations":[{"start":{"line":71,"column":25},"end":{"line":71,"column":41}},{"start":{"line":71,"column":44},"end":{"line":71,"column":64}}],"line":71}},"s":{"0":0,"1":0,"2":0,"3":0,"4":0,"5":0,"6":0,"7":0,"8":0,"9":0,"10":0,"11":0},"f":{"0":0,"1":0,"2":0,"3":0},"b":{"0":[0,0],"1":[0,0],"2":[0,0]},"hash":"d0ce944d8a8b2698f49f09bd29e39d5a8328978d"}
,"D:\\practicum\\интенсив React\\Вебинар Тестирование\\1_precode\\src\\hooks\\useForm.js": {"path":"D:\\practicum\\интенсив React\\Вебинар Тестирование\\1_precode\\src\\hooks\\useForm.js","statementMap":{"0":{"start":{"line":4,"column":30},"end":{"line":4,"column":48}},"1":{"start":{"line":6,"column":23},"end":{"line":11,"column":3}},"2":{"start":{"line":7,"column":18},"end":{"line":7,"column":28}},"3":{"start":{"line":8,"column":18},"end":{"line":8,"column":29}},"4":{"start":{"line":9,"column":17},"end":{"line":9,"column":27}},"5":{"start":{"line":10,"column":4},"end":{"line":10,"column":44}},"6":{"start":{"line":13,"column":2},"end":{"line":13,"column":45}}},"fnMap":{"0":{"name":"useForm","decl":{"start":{"line":3,"column":24},"end":{"line":3,"column":31}},"loc":{"start":{"line":3,"column":34},"end":{"line":14,"column":1}},"line":3},"1":{"name":"(anonymous_1)","decl":{"start":{"line":6,"column":23},"end":{"line":6,"column":24}},"loc":{"start":{"line":6,"column":32},"end":{"line":11,"column":3}},"line":6}},"branchMap":{},"s":{"0":0,"1":0,"2":0,"3":0,"4":0,"5":0,"6":0},"f":{"0":0,"1":0},"b":{},"hash":"dcec6986561a365372b662c20d988a163e5c3a8c"}
,"D:\\practicum\\интенсив React\\Вебинар Тестирование\\1_precode\\src\\hooks\\useFormWithValidation.js": {"path":"D:\\practicum\\интенсив React\\Вебинар Тестирование\\1_precode\\src\\hooks\\useFormWithValidation.js","statementMap":{"0":{"start":{"line":4,"column":30},"end":{"line":4,"column":48}},"1":{"start":{"line":5,"column":30},"end":{"line":5,"column":48}},"2":{"start":{"line":6,"column":32},"end":{"line":6,"column":53}},"3":{"start":{"line":8,"column":23},"end":{"line":15,"column":3}},"4":{"start":{"line":9,"column":18},"end":{"line":9,"column":28}},"5":{"start":{"line":10,"column":18},"end":{"line":10,"column":29}},"6":{"start":{"line":11,"column":17},"end":{"line":11,"column":27}},"7":{"start":{"line":12,"column":4},"end":{"line":12,"column":44}},"8":{"start":{"line":13,"column":4},"end":{"line":13,"column":62}},"9":{"start":{"line":14,"column":4},"end":{"line":14,"column":54}},"10":{"start":{"line":17,"column":20},"end":{"line":24,"column":3}},"11":{"start":{"line":19,"column":6},"end":{"line":19,"column":27}},"12":{"start":{"line":20,"column":6},"end":{"line":20,"column":27}},"13":{"start":{"line":21,"column":6},"end":{"line":21,"column":29}},"14":{"start":{"line":26,"column":2},"end":{"line":26,"column":62}}},"fnMap":{"0":{"name":"useFormWithValidation","decl":{"start":{"line":3,"column":24},"end":{"line":3,"column":45}},"loc":{"start":{"line":3,"column":48},"end":{"line":27,"column":1}},"line":3},"1":{"name":"(anonymous_1)","decl":{"start":{"line":8,"column":23},"end":{"line":8,"column":24}},"loc":{"start":{"line":8,"column":32},"end":{"line":15,"column":3}},"line":8},"2":{"name":"(anonymous_2)","decl":{"start":{"line":18,"column":4},"end":{"line":18,"column":5}},"loc":{"start":{"line":18,"column":60},"end":{"line":22,"column":5}},"line":18}},"branchMap":{"0":{"loc":{"start":{"line":18,"column":5},"end":{"line":18,"column":19}},"type":"default-arg","locations":[{"start":{"line":18,"column":17},"end":{"line":18,"column":19}}],"line":18},"1":{"loc":{"start":{"line":18,"column":21},"end":{"line":18,"column":35}},"type":"default-arg","locations":[{"start":{"line":18,"column":33},"end":{"line":18,"column":35}}],"line":18},"2":{"loc":{"start":{"line":18,"column":37},"end":{"line":18,"column":55}},"type":"default-arg","locations":[{"start":{"line":18,"column":50},"end":{"line":18,"column":55}}],"line":18}},"s":{"0":0,"1":0,"2":0,"3":0,"4":0,"5":0,"6":0,"7":0,"8":0,"9":0,"10":0,"11":0,"12":0,"13":0,"14":0},"f":{"0":0,"1":0,"2":0},"b":{"0":[0],"1":[0],"2":[0]},"hash":"11328e7d4c76208095c4c4cd49cbef5444d75452"}
,"D:\\practicum\\интенсив React\\Вебинар Тестирование\\1_precode\\src\\store\\reducer.js": {"path":"D:\\practicum\\интенсив React\\Вебинар Тестирование\\1_precode\\src\\store\\reducer.js","statementMap":{},"fnMap":{},"branchMap":{},"s":{},"f":{},"b":{},"hash":"7021858ff2daf313a1fa03218d2cac86e7f0a8e1"}
,"D:\\practicum\\интенсив React\\Вебинар Тестирование\\1_precode\\src\\store\\store.js": {"path":"D:\\practicum\\интенсив React\\Вебинар Тестирование\\1_precode\\src\\store\\store.js","statementMap":{"0":{"start":{"line":8,"column":14},"end":{"line":13,"column":1}}},"fnMap":{},"branchMap":{},"s":{"0":0},"f":{},"b":{},"hash":"5d4aa07b77a42fc054d3435ed2ae45a959ee7ade"}
,"D:\\practicum\\интенсив React\\Вебинар Тестирование\\1_precode\\src\\store\\auth\\actions.js": {"path":"D:\\practicum\\интенсив React\\Вебинар Тестирование\\1_precode\\src\\store\\auth\\actions.js","statementMap":{"0":{"start":{"line":1,"column":20},"end":{"line":1,"column":26}},"1":{"start":{"line":3,"column":27},"end":{"line":10,"column":1}},"2":{"start":{"line":12,"column":27},"end":{"line":15,"column":2}},"3":{"start":{"line":12,"column":38},"end":{"line":15,"column":1}},"4":{"start":{"line":17,"column":31},"end":{"line":20,"column":2}},"5":{"start":{"line":17,"column":48},"end":{"line":20,"column":1}},"6":{"start":{"line":22,"column":34},"end":{"line":25,"column":2}},"7":{"start":{"line":22,"column":50},"end":{"line":25,"column":1}},"8":{"start":{"line":27,"column":36},"end":{"line":30,"column":2}},"9":{"start":{"line":27,"column":48},"end":{"line":30,"column":1}},"10":{"start":{"line":32,"column":31},"end":{"line":35,"column":2}},"11":{"start":{"line":32,"column":47},"end":{"line":35,"column":1}},"12":{"start":{"line":37,"column":33},"end":{"line":40,"column":2}},"13":{"start":{"line":37,"column":45},"end":{"line":40,"column":1}},"14":{"start":{"line":42,"column":24},"end":{"line":56,"column":1}},"15":{"start":{"line":42,"column":49},"end":{"line":56,"column":1}},"16":{"start":{"line":47,"column":2},"end":{"line":47,"column":37}},"17":{"start":{"line":48,"column":2},"end":{"line":48,"column":37}},"18":{"start":{"line":49,"column":2},"end":{"line":55,"column":56}},"19":{"start":{"line":52,"column":6},"end":{"line":52,"column":44}},"20":{"start":{"line":53,"column":6},"end":{"line":53,"column":35}},"21":{"start":{"line":55,"column":19},"end":{"line":55,"column":54}},"22":{"start":{"line":58,"column":21},"end":{"line":76,"column":1}},"23":{"start":{"line":58,"column":46},"end":{"line":76,"column":1}},"24":{"start":{"line":63,"column":2},"end":{"line":63,"column":34}},"25":{"start":{"line":64,"column":2},"end":{"line":64,"column":34}},"26":{"start":{"line":65,"column":2},"end":{"line":75,"column":53}},"27":{"start":{"line":68,"column":6},"end":{"line":68,"column":39}},"28":{"start":{"line":69,"column":6},"end":{"line":69,"column":45}},"29":{"start":{"line":72,"column":6},"end":{"line":72,"column":41}},"30":{"start":{"line":73,"column":6},"end":{"line":73,"column":35}},"31":{"start":{"line":75,"column":19},"end":{"line":75,"column":51}},"32":{"start":{"line":78,"column":25},"end":{"line":93,"column":1}},"33":{"start":{"line":78,"column":31},"end":{"line":93,"column":1}},"34":{"start":{"line":79,"column":2},"end":{"line":79,"column":34}},"35":{"start":{"line":80,"column":16},"end":{"line":80,"column":43}},"36":{"start":{"line":81,"column":2},"end":{"line":92,"column":3}},"37":{"start":{"line":82,"column":4},"end":{"line":88,"column":55}},"38":{"start":{"line":85,"column":8},"end":{"line":85,"column":40}},"39":{"start":{"line":87,"column":22},"end":{"line":87,"column":25}},"40":{"start":{"line":88,"column":21},"end":{"line":88,"column":53}},"41":{"start":{"line":90,"column":4},"end":{"line":90,"column":37}},"42":{"start":{"line":91,"column":4},"end":{"line":91,"column":29}},"43":{"start":{"line":95,"column":23},"end":{"line":98,"column":1}},"44":{"start":{"line":95,"column":29},"end":{"line":98,"column":1}},"45":{"start":{"line":96,"column":2},"end":{"line":96,"column":30}},"46":{"start":{"line":97,"column":2},"end":{"line":97,"column":33}}},"fnMap":{"0":{"name":"(anonymous_0)","decl":{"start":{"line":12,"column":27},"end":{"line":12,"column":28}},"loc":{"start":{"line":12,"column":38},"end":{"line":15,"column":1}},"line":12},"1":{"name":"(anonymous_1)","decl":{"start":{"line":17,"column":31},"end":{"line":17,"column":32}},"loc":{"start":{"line":17,"column":48},"end":{"line":20,"column":1}},"line":17},"2":{"name":"(anonymous_2)","decl":{"start":{"line":22,"column":34},"end":{"line":22,"column":35}},"loc":{"start":{"line":22,"column":50},"end":{"line":25,"column":1}},"line":22},"3":{"name":"(anonymous_3)","decl":{"start":{"line":27,"column":36},"end":{"line":27,"column":37}},"loc":{"start":{"line":27,"column":48},"end":{"line":30,"column":1}},"line":27},"4":{"name":"(anonymous_4)","decl":{"start":{"line":32,"column":31},"end":{"line":32,"column":32}},"loc":{"start":{"line":32,"column":47},"end":{"line":35,"column":1}},"line":32},"5":{"name":"(anonymous_5)","decl":{"start":{"line":37,"column":33},"end":{"line":37,"column":34}},"loc":{"start":{"line":37,"column":45},"end":{"line":40,"column":1}},"line":37},"6":{"name":"(anonymous_6)","decl":{"start":{"line":42,"column":24},"end":{"line":42,"column":25}},"loc":{"start":{"line":42,"column":49},"end":{"line":56,"column":1}},"line":42},"7":{"name":"(anonymous_7)","decl":{"start":{"line":42,"column":49},"end":{"line":42,"column":50}},"loc":{"start":{"line":46,"column":5},"end":{"line":56,"column":1}},"line":46},"8":{"name":"(anonymous_8)","decl":{"start":{"line":51,"column":11},"end":{"line":51,"column":12}},"loc":{"start":{"line":51,"column":22},"end":{"line":54,"column":5}},"line":51},"9":{"name":"(anonymous_9)","decl":{"start":{"line":55,"column":13},"end":{"line":55,"column":14}},"loc":{"start":{"line":55,"column":19},"end":{"line":55,"column":54}},"line":55},"10":{"name":"(anonymous_10)","decl":{"start":{"line":58,"column":21},"end":{"line":58,"column":22}},"loc":{"start":{"line":58,"column":46},"end":{"line":76,"column":1}},"line":58},"11":{"name":"(anonymous_11)","decl":{"start":{"line":58,"column":46},"end":{"line":58,"column":47}},"loc":{"start":{"line":62,"column":5},"end":{"line":76,"column":1}},"line":62},"12":{"name":"(anonymous_12)","decl":{"start":{"line":67,"column":10},"end":{"line":67,"column":11}},"loc":{"start":{"line":67,"column":20},"end":{"line":70,"column":5}},"line":67},"13":{"name":"(anonymous_13)","decl":{"start":{"line":71,"column":11},"end":{"line":71,"column":12}},"loc":{"start":{"line":71,"column":22},"end":{"line":74,"column":5}},"line":71},"14":{"name":"(anonymous_14)","decl":{"start":{"line":75,"column":13},"end":{"line":75,"column":14}},"loc":{"start":{"line":75,"column":19},"end":{"line":75,"column":51}},"line":75},"15":{"name":"(anonymous_15)","decl":{"start":{"line":78,"column":25},"end":{"line":78,"column":26}},"loc":{"start":{"line":78,"column":31},"end":{"line":93,"column":1}},"line":78},"16":{"name":"(anonymous_16)","decl":{"start":{"line":78,"column":31},"end":{"line":78,"column":32}},"loc":{"start":{"line":78,"column":69},"end":{"line":93,"column":1}},"line":78},"17":{"name":"(anonymous_17)","decl":{"start":{"line":84,"column":12},"end":{"line":84,"column":13}},"loc":{"start":{"line":84,"column":21},"end":{"line":86,"column":7}},"line":84},"18":{"name":"(anonymous_18)","decl":{"start":{"line":87,"column":13},"end":{"line":87,"column":14}},"loc":{"start":{"line":87,"column":22},"end":{"line":87,"column":25}},"line":87},"19":{"name":"(anonymous_19)","decl":{"start":{"line":88,"column":15},"end":{"line":88,"column":16}},"loc":{"start":{"line":88,"column":21},"end":{"line":88,"column":53}},"line":88},"20":{"name":"(anonymous_20)","decl":{"start":{"line":95,"column":23},"end":{"line":95,"column":24}},"loc":{"start":{"line":95,"column":29},"end":{"line":98,"column":1}},"line":95},"21":{"name":"(anonymous_21)","decl":{"start":{"line":95,"column":29},"end":{"line":95,"column":30}},"loc":{"start":{"line":95,"column":43},"end":{"line":98,"column":1}},"line":95}},"branchMap":{"0":{"loc":{"start":{"line":81,"column":2},"end":{"line":92,"column":3}},"type":"if","locations":[{"start":{"line":81,"column":2},"end":{"line":92,"column":3}},{"start":{"line":81,"column":2},"end":{"line":92,"column":3}}],"line":81}},"s":{"0":0,"1":0,"2":0,"3":0,"4":0,"5":0,"6":0,"7":0,"8":0,"9":0,"10":0,"11":0,"12":0,"13":0,"14":0,"15":0,"16":0,"17":0,"18":0,"19":0,"20":0,"21":0,"22":0,"23":0,"24":0,"25":0,"26":0,"27":0,"28":0,"29":0,"30":0,"31":0,"32":0,"33":0,"34":0,"35":0,"36":0,"37":0,"38":0,"39":0,"40":0,"41":0,"42":0,"43":0,"44":0,"45":0,"46":0},"f":{"0":0,"1":0,"2":0,"3":0,"4":0,"5":0,"6":0,"7":0,"8":0,"9":0,"10":0,"11":0,"12":0,"13":0,"14":0,"15":0,"16":0,"17":0,"18":0,"19":0,"20":0,"21":0},"b":{"0":[0,0]},"hash":"2591e17cf1a612839dd588f9dbbdc4f702bdf9e4"}
,"D:\\practicum\\интенсив React\\Вебинар Тестирование\\1_precode\\src\\store\\auth\\reducer.js": {"path":"D:\\practicum\\интенсив React\\Вебинар Тестирование\\1_precode\\src\\store\\auth\\reducer.js","statementMap":{"0":{"start":{"line":3,"column":21},"end":{"line":10,"column":1}},"1":{"start":{"line":12,"column":16},"end":{"line":29,"column":1}},"2":{"start":{"line":13,"column":2},"end":{"line":28,"column":3}},"3":{"start":{"line":15,"column":6},"end":{"line":15,"column":48}},"4":{"start":{"line":17,"column":6},"end":{"line":17,"column":56}},"5":{"start":{"line":19,"column":6},"end":{"line":19,"column":59}},"6":{"start":{"line":21,"column":6},"end":{"line":21,"column":57}},"7":{"start":{"line":23,"column":6},"end":{"line":23,"column":56}},"8":{"start":{"line":25,"column":6},"end":{"line":25,"column":54}},"9":{"start":{"line":27,"column":6},"end":{"line":27,"column":19}}},"fnMap":{"0":{"name":"(anonymous_0)","decl":{"start":{"line":12,"column":16},"end":{"line":12,"column":17}},"loc":{"start":{"line":12,"column":50},"end":{"line":29,"column":1}},"line":12}},"branchMap":{"0":{"loc":{"start":{"line":12,"column":17},"end":{"line":12,"column":37}},"type":"default-arg","locations":[{"start":{"line":12,"column":25},"end":{"line":12,"column":37}}],"line":12},"1":{"loc":{"start":{"line":13,"column":2},"end":{"line":28,"column":3}},"type":"switch","locations":[{"start":{"line":14,"column":4},"end":{"line":15,"column":48}},{"start":{"line":16,"column":4},"end":{"line":17,"column":56}},{"start":{"line":18,"column":4},"end":{"line":19,"column":59}},{"start":{"line":20,"column":4},"end":{"line":21,"column":57}},{"start":{"line":22,"column":4},"end":{"line":23,"column":56}},{"start":{"line":24,"column":4},"end":{"line":25,"column":54}},{"start":{"line":26,"column":4},"end":{"line":27,"column":19}}],"line":13}},"s":{"0":0,"1":0,"2":0,"3":0,"4":0,"5":0,"6":0,"7":0,"8":0,"9":0},"f":{"0":0},"b":{"0":[0],"1":[0,0,0,0,0,0,0]},"hash":"badb4bb3ab4485d74ed83c2bb7ca186dc9276570"}
,"D:\\practicum\\интенсив React\\Вебинар Тестирование\\1_precode\\src\\store\\auth\\selectors.js": {"path":"D:\\practicum\\интенсив React\\Вебинар Тестирование\\1_precode\\src\\store\\auth\\selectors.js","statementMap":{"0":{"start":{"line":3,"column":25},"end":{"line":3,"column":54}},"1":{"start":{"line":3,"column":36},"end":{"line":3,"column":54}},"2":{"start":{"line":4,"column":27},"end":{"line":4,"column":54}},"3":{"start":{"line":4,"column":38},"end":{"line":4,"column":54}},"4":{"start":{"line":5,"column":33},"end":{"line":5,"column":68}},"5":{"start":{"line":5,"column":44},"end":{"line":5,"column":68}},"6":{"start":{"line":6,"column":34},"end":{"line":6,"column":72}},"7":{"start":{"line":6,"column":45},"end":{"line":6,"column":72}},"8":{"start":{"line":7,"column":32},"end":{"line":7,"column":68}},"9":{"start":{"line":7,"column":43},"end":{"line":7,"column":68}},"10":{"start":{"line":8,"column":31},"end":{"line":8,"column":66}},"11":{"start":{"line":8,"column":42},"end":{"line":8,"column":66}},"12":{"start":{"line":9,"column":29},"end":{"line":9,"column":62}},"13":{"start":{"line":9,"column":40},"end":{"line":9,"column":62}}},"fnMap":{"0":{"name":"(anonymous_0)","decl":{"start":{"line":3,"column":25},"end":{"line":3,"column":26}},"loc":{"start":{"line":3,"column":36},"end":{"line":3,"column":54}},"line":3},"1":{"name":"(anonymous_1)","decl":{"start":{"line":4,"column":27},"end":{"line":4,"column":28}},"loc":{"start":{"line":4,"column":38},"end":{"line":4,"column":54}},"line":4},"2":{"name":"(anonymous_2)","decl":{"start":{"line":5,"column":33},"end":{"line":5,"column":34}},"loc":{"start":{"line":5,"column":44},"end":{"line":5,"column":68}},"line":5},"3":{"name":"(anonymous_3)","decl":{"start":{"line":6,"column":34},"end":{"line":6,"column":35}},"loc":{"start":{"line":6,"column":45},"end":{"line":6,"column":72}},"line":6},"4":{"name":"(anonymous_4)","decl":{"start":{"line":7,"column":32},"end":{"line":7,"column":33}},"loc":{"start":{"line":7,"column":43},"end":{"line":7,"column":68}},"line":7},"5":{"name":"(anonymous_5)","decl":{"start":{"line":8,"column":31},"end":{"line":8,"column":32}},"loc":{"start":{"line":8,"column":42},"end":{"line":8,"column":66}},"line":8},"6":{"name":"(anonymous_6)","decl":{"start":{"line":9,"column":29},"end":{"line":9,"column":30}},"loc":{"start":{"line":9,"column":40},"end":{"line":9,"column":62}},"line":9}},"branchMap":{},"s":{"0":0,"1":0,"2":0,"3":0,"4":0,"5":0,"6":0,"7":0,"8":0,"9":0,"10":0,"11":0,"12":0,"13":0},"f":{"0":0,"1":0,"2":0,"3":0,"4":0,"5":0,"6":0},"b":{},"hash":"c70635323e0f906baddf9bf6ce2ccfbaffec2688"}
,"D:\\practicum\\интенсив React\\Вебинар Тестирование\\1_precode\\src\\store\\cards\\actions.js": {"path":"D:\\practicum\\интенсив React\\Вебинар Тестирование\\1_precode\\src\\store\\cards\\actions.js","statementMap":{"0":{"start":{"line":1,"column":20},"end":{"line":1,"column":27}},"1":{"start":{"line":3,"column":27},"end":{"line":12,"column":1}},"2":{"start":{"line":14,"column":24},"end":{"line":14,"column":79}},"3":{"start":{"line":14,"column":35},"end":{"line":14,"column":78}},"4":{"start":{"line":16,"column":31},"end":{"line":19,"column":2}},"5":{"start":{"line":16,"column":47},"end":{"line":19,"column":1}},"6":{"start":{"line":21,"column":33},"end":{"line":24,"column":2}},"7":{"start":{"line":21,"column":45},"end":{"line":24,"column":1}},"8":{"start":{"line":26,"column":30},"end":{"line":29,"column":2}},"9":{"start":{"line":26,"column":41},"end":{"line":29,"column":1}},"10":{"start":{"line":31,"column":30},"end":{"line":34,"column":2}},"11":{"start":{"line":31,"column":46},"end":{"line":34,"column":1}},"12":{"start":{"line":36,"column":32},"end":{"line":39,"column":2}},"13":{"start":{"line":36,"column":44},"end":{"line":39,"column":1}},"14":{"start":{"line":41,"column":26},"end":{"line":44,"column":2}},"15":{"start":{"line":41,"column":41},"end":{"line":44,"column":1}},"16":{"start":{"line":46,"column":24},"end":{"line":49,"column":2}},"17":{"start":{"line":46,"column":33},"end":{"line":49,"column":1}},"18":{"start":{"line":51,"column":25},"end":{"line":59,"column":1}},"19":{"start":{"line":51,"column":31},"end":{"line":59,"column":1}},"20":{"start":{"line":52,"column":2},"end":{"line":52,"column":34}},"21":{"start":{"line":53,"column":2},"end":{"line":53,"column":34}},"22":{"start":{"line":54,"column":2},"end":{"line":58,"column":53}},"23":{"start":{"line":56,"column":20},"end":{"line":56,"column":44}},"24":{"start":{"line":57,"column":20},"end":{"line":57,"column":52}},"25":{"start":{"line":58,"column":19},"end":{"line":58,"column":51}},"26":{"start":{"line":61,"column":23},"end":{"line":72,"column":1}},"27":{"start":{"line":61,"column":33},"end":{"line":72,"column":1}},"28":{"start":{"line":62,"column":2},"end":{"line":62,"column":33}},"29":{"start":{"line":63,"column":2},"end":{"line":63,"column":33}},"30":{"start":{"line":64,"column":2},"end":{"line":71,"column":52}},"31":{"start":{"line":66,"column":20},"end":{"line":66,"column":50}},"32":{"start":{"line":68,"column":6},"end":{"line":68,"column":38}},"33":{"start":{"line":69,"column":6},"end":{"line":69,"column":33}},"34":{"start":{"line":71,"column":19},"end":{"line":71,"column":50}},"35":{"start":{"line":74,"column":26},"end":{"line":76,"column":1}},"36":{"start":{"line":74,"column":34},"end":{"line":76,"column":1}},"37":{"start":{"line":75,"column":2},"end":{"line":75,"column":75}},"38":{"start":{"line":75,"column":44},"end":{"line":75,"column":73}},"39":{"start":{"line":78,"column":36},"end":{"line":86,"column":1}},"40":{"start":{"line":78,"column":50},"end":{"line":86,"column":1}},"41":{"start":{"line":83,"column":2},"end":{"line":85,"column":51}},"42":{"start":{"line":85,"column":20},"end":{"line":85,"column":50}}},"fnMap":{"0":{"name":"(anonymous_0)","decl":{"start":{"line":14,"column":24},"end":{"line":14,"column":25}},"loc":{"start":{"line":14,"column":35},"end":{"line":14,"column":78}},"line":14},"1":{"name":"(anonymous_1)","decl":{"start":{"line":16,"column":31},"end":{"line":16,"column":32}},"loc":{"start":{"line":16,"column":47},"end":{"line":19,"column":1}},"line":16},"2":{"name":"(anonymous_2)","decl":{"start":{"line":21,"column":33},"end":{"line":21,"column":34}},"loc":{"start":{"line":21,"column":45},"end":{"line":24,"column":1}},"line":21},"3":{"name":"(anonymous_3)","decl":{"start":{"line":26,"column":30},"end":{"line":26,"column":31}},"loc":{"start":{"line":26,"column":41},"end":{"line":29,"column":1}},"line":26},"4":{"name":"(anonymous_4)","decl":{"start":{"line":31,"column":30},"end":{"line":31,"column":31}},"loc":{"start":{"line":31,"column":46},"end":{"line":34,"column":1}},"line":31},"5":{"name":"(anonymous_5)","decl":{"start":{"line":36,"column":32},"end":{"line":36,"column":33}},"loc":{"start":{"line":36,"column":44},"end":{"line":39,"column":1}},"line":36},"6":{"name":"(anonymous_6)","decl":{"start":{"line":41,"column":26},"end":{"line":41,"column":27}},"loc":{"start":{"line":41,"column":41},"end":{"line":44,"column":1}},"line":41},"7":{"name":"(anonymous_7)","decl":{"start":{"line":46,"column":24},"end":{"line":46,"column":25}},"loc":{"start":{"line":46,"column":33},"end":{"line":49,"column":1}},"line":46},"8":{"name":"(anonymous_8)","decl":{"start":{"line":51,"column":25},"end":{"line":51,"column":26}},"loc":{"start":{"line":51,"column":31},"end":{"line":59,"column":1}},"line":51},"9":{"name":"(anonymous_9)","decl":{"start":{"line":51,"column":31},"end":{"line":51,"column":32}},"loc":{"start":{"line":51,"column":70},"end":{"line":59,"column":1}},"line":51},"10":{"name":"(anonymous_10)","decl":{"start":{"line":56,"column":10},"end":{"line":56,"column":11}},"loc":{"start":{"line":56,"column":20},"end":{"line":56,"column":44}},"line":56},"11":{"name":"(anonymous_11)","decl":{"start":{"line":57,"column":11},"end":{"line":57,"column":12}},"loc":{"start":{"line":57,"column":20},"end":{"line":57,"column":52}},"line":57},"12":{"name":"(anonymous_12)","decl":{"start":{"line":58,"column":13},"end":{"line":58,"column":14}},"loc":{"start":{"line":58,"column":19},"end":{"line":58,"column":51}},"line":58},"13":{"name":"(anonymous_13)","decl":{"start":{"line":61,"column":23},"end":{"line":61,"column":24}},"loc":{"start":{"line":61,"column":33},"end":{"line":72,"column":1}},"line":61},"14":{"name":"(anonymous_14)","decl":{"start":{"line":61,"column":33},"end":{"line":61,"column":34}},"loc":{"start":{"line":61,"column":72},"end":{"line":72,"column":1}},"line":61},"15":{"name":"(anonymous_15)","decl":{"start":{"line":66,"column":10},"end":{"line":66,"column":11}},"loc":{"start":{"line":66,"column":20},"end":{"line":66,"column":50}},"line":66},"16":{"name":"(anonymous_16)","decl":{"start":{"line":67,"column":11},"end":{"line":67,"column":12}},"loc":{"start":{"line":67,"column":20},"end":{"line":70,"column":5}},"line":67},"17":{"name":"(anonymous_17)","decl":{"start":{"line":71,"column":13},"end":{"line":71,"column":14}},"loc":{"start":{"line":71,"column":19},"end":{"line":71,"column":50}},"line":71},"18":{"name":"(anonymous_18)","decl":{"start":{"line":74,"column":26},"end":{"line":74,"column":27}},"loc":{"start":{"line":74,"column":34},"end":{"line":76,"column":1}},"line":74},"19":{"name":"(anonymous_19)","decl":{"start":{"line":74,"column":34},"end":{"line":74,"column":35}},"loc":{"start":{"line":74,"column":73},"end":{"line":76,"column":1}},"line":74},"20":{"name":"(anonymous_20)","decl":{"start":{"line":75,"column":38},"end":{"line":75,"column":39}},"loc":{"start":{"line":75,"column":44},"end":{"line":75,"column":73}},"line":75},"21":{"name":"(anonymous_21)","decl":{"start":{"line":78,"column":36},"end":{"line":78,"column":37}},"loc":{"start":{"line":78,"column":50},"end":{"line":86,"column":1}},"line":78},"22":{"name":"(anonymous_22)","decl":{"start":{"line":78,"column":50},"end":{"line":78,"column":51}},"loc":{"start":{"line":82,"column":5},"end":{"line":86,"column":1}},"line":82},"23":{"name":"(anonymous_23)","decl":{"start":{"line":85,"column":10},"end":{"line":85,"column":11}},"loc":{"start":{"line":85,"column":20},"end":{"line":85,"column":50}},"line":85}},"branchMap":{},"s":{"0":0,"1":0,"2":0,"3":0,"4":0,"5":0,"6":0,"7":0,"8":0,"9":0,"10":0,"11":0,"12":0,"13":0,"14":0,"15":0,"16":0,"17":0,"18":0,"19":0,"20":0,"21":0,"22":0,"23":0,"24":0,"25":0,"26":0,"27":0,"28":0,"29":0,"30":0,"31":0,"32":0,"33":0,"34":0,"35":0,"36":0,"37":0,"38":0,"39":0,"40":0,"41":0,"42":0},"f":{"0":0,"1":0,"2":0,"3":0,"4":0,"5":0,"6":0,"7":0,"8":0,"9":0,"10":0,"11":0,"12":0,"13":0,"14":0,"15":0,"16":0,"17":0,"18":0,"19":0,"20":0,"21":0,"22":0,"23":0},"b":{},"hash":"ff32ce063684f03d3bce95fea57589e37a935369"}
,"D:\\practicum\\интенсив React\\Вебинар Тестирование\\1_precode\\src\\store\\cards\\reducer.js": {"path":"D:\\practicum\\интенсив React\\Вебинар Тестирование\\1_precode\\src\\store\\cards\\reducer.js","statementMap":{"0":{"start":{"line":3,"column":21},"end":{"line":9,"column":1}},"1":{"start":{"line":11,"column":16},"end":{"line":40,"column":1}},"2":{"start":{"line":12,"column":2},"end":{"line":39,"column":3}},"3":{"start":{"line":14,"column":6},"end":{"line":14,"column":48}},"4":{"start":{"line":16,"column":6},"end":{"line":16,"column":51}},"5":{"start":{"line":18,"column":6},"end":{"line":18,"column":53}},"6":{"start":{"line":20,"column":6},"end":{"line":20,"column":65}},"7":{"start":{"line":22,"column":6},"end":{"line":22,"column":53}},"8":{"start":{"line":24,"column":6},"end":{"line":24,"column":53}},"9":{"start":{"line":26,"column":6},"end":{"line":29,"column":8}},"10":{"start":{"line":28,"column":39},"end":{"line":28,"column":63}},"11":{"start":{"line":31,"column":6},"end":{"line":36,"column":8}},"12":{"start":{"line":34,"column":10},"end":{"line":34,"column":63}},"13":{"start":{"line":38,"column":6},"end":{"line":38,"column":19}}},"fnMap":{"0":{"name":"(anonymous_0)","decl":{"start":{"line":11,"column":16},"end":{"line":11,"column":17}},"loc":{"start":{"line":11,"column":50},"end":{"line":40,"column":1}},"line":11},"1":{"name":"(anonymous_1)","decl":{"start":{"line":28,"column":32},"end":{"line":28,"column":33}},"loc":{"start":{"line":28,"column":39},"end":{"line":28,"column":63}},"line":28},"2":{"name":"(anonymous_2)","decl":{"start":{"line":33,"column":29},"end":{"line":33,"column":30}},"loc":{"start":{"line":34,"column":10},"end":{"line":34,"column":63}},"line":34}},"branchMap":{"0":{"loc":{"start":{"line":11,"column":17},"end":{"line":11,"column":37}},"type":"default-arg","locations":[{"start":{"line":11,"column":25},"end":{"line":11,"column":37}}],"line":11},"1":{"loc":{"start":{"line":12,"column":2},"end":{"line":39,"column":3}},"type":"switch","locations":[{"start":{"line":13,"column":4},"end":{"line":14,"column":48}},{"start":{"line":15,"column":4},"end":{"line":16,"column":51}},{"start":{"line":17,"column":4},"end":{"line":18,"column":53}},{"start":{"line":19,"column":4},"end":{"line":20,"column":65}},{"start":{"line":21,"column":4},"end":{"line":22,"column":53}},{"start":{"line":23,"column":4},"end":{"line":24,"column":53}},{"start":{"line":25,"column":4},"end":{"line":29,"column":8}},{"start":{"line":30,"column":4},"end":{"line":36,"column":8}},{"start":{"line":37,"column":4},"end":{"line":38,"column":19}}],"line":12},"2":{"loc":{"start":{"line":34,"column":10},"end":{"line":34,"column":63}},"type":"cond-expr","locations":[{"start":{"line":34,"column":40},"end":{"line":34,"column":59}},{"start":{"line":34,"column":62},"end":{"line":34,"column":63}}],"line":34}},"s":{"0":0,"1":0,"2":0,"3":0,"4":0,"5":0,"6":0,"7":0,"8":0,"9":0,"10":0,"11":0,"12":0,"13":0},"f":{"0":0,"1":0,"2":0},"b":{"0":[0],"1":[0,0,0,0,0,0,0,0,0],"2":[0,0]},"hash":"0cd7d1fe89ccd6b34bf98f03288a6e5aca805742"}
,"D:\\practicum\\интенсив React\\Вебинар Тестирование\\1_precode\\src\\store\\cards\\selectors.js": {"path":"D:\\practicum\\интенсив React\\Вебинар Тестирование\\1_precode\\src\\store\\cards\\selectors.js","statementMap":{"0":{"start":{"line":3,"column":24},"end":{"line":3,"column":51}},"1":{"start":{"line":3,"column":35},"end":{"line":3,"column":51}},"2":{"start":{"line":4,"column":33},"end":{"line":4,"column":63}},"3":{"start":{"line":4,"column":44},"end":{"line":4,"column":63}},"4":{"start":{"line":5,"column":33},"end":{"line":5,"column":65}},"5":{"start":{"line":5,"column":44},"end":{"line":5,"column":65}},"6":{"start":{"line":7,"column":32},"end":{"line":7,"column":64}},"7":{"start":{"line":7,"column":43},"end":{"line":7,"column":64}},"8":{"start":{"line":8,"column":32},"end":{"line":8,"column":64}},"9":{"start":{"line":8,"column":43},"end":{"line":8,"column":64}}},"fnMap":{"0":{"name":"(anonymous_0)","decl":{"start":{"line":3,"column":24},"end":{"line":3,"column":25}},"loc":{"start":{"line":3,"column":35},"end":{"line":3,"column":51}},"line":3},"1":{"name":"(anonymous_1)","decl":{"start":{"line":4,"column":33},"end":{"line":4,"column":34}},"loc":{"start":{"line":4,"column":44},"end":{"line":4,"column":63}},"line":4},"2":{"name":"(anonymous_2)","decl":{"start":{"line":5,"column":33},"end":{"line":5,"column":34}},"loc":{"start":{"line":5,"column":44},"end":{"line":5,"column":65}},"line":5},"3":{"name":"(anonymous_3)","decl":{"start":{"line":7,"column":32},"end":{"line":7,"column":33}},"loc":{"start":{"line":7,"column":43},"end":{"line":7,"column":64}},"line":7},"4":{"name":"(anonymous_4)","decl":{"start":{"line":8,"column":32},"end":{"line":8,"column":33}},"loc":{"start":{"line":8,"column":43},"end":{"line":8,"column":64}},"line":8}},"branchMap":{},"s":{"0":0,"1":0,"2":0,"3":0,"4":0,"5":0,"6":0,"7":0,"8":0,"9":0},"f":{"0":0,"1":0,"2":0,"3":0,"4":0},"b":{},"hash":"f57d1749cdc5d81c57b5699bc2379a39b258f60c"}
,"D:\\practicum\\интенсив React\\Вебинар Тестирование\\1_precode\\src\\store\\current-user\\actions.js": {"path":"D:\\practicum\\интенсив React\\Вебинар Тестирование\\1_precode\\src\\store\\current-user\\actions.js","statementMap":{"0":{"start":{"line":1,"column":20},"end":{"line":1,"column":33}},"1":{"start":{"line":3,"column":27},"end":{"line":11,"column":1}},"2":{"start":{"line":13,"column":23},"end":{"line":16,"column":2}},"3":{"start":{"line":13,"column":34},"end":{"line":16,"column":1}},"4":{"start":{"line":18,"column":30},"end":{"line":21,"column":2}},"5":{"start":{"line":18,"column":46},"end":{"line":21,"column":1}},"6":{"start":{"line":23,"column":32},"end":{"line":26,"column":2}},"7":{"start":{"line":23,"column":44},"end":{"line":26,"column":1}},"8":{"start":{"line":28,"column":30},"end":{"line":31,"column":2}},"9":{"start":{"line":28,"column":46},"end":{"line":31,"column":1}},"10":{"start":{"line":33,"column":32},"end":{"line":36,"column":2}},"11":{"start":{"line":33,"column":44},"end":{"line":36,"column":1}},"12":{"start":{"line":38,"column":32},"end":{"line":41,"column":2}},"13":{"start":{"line":38,"column":48},"end":{"line":41,"column":1}},"14":{"start":{"line":43,"column":34},"end":{"line":46,"column":2}},"15":{"start":{"line":43,"column":46},"end":{"line":46,"column":1}},"16":{"start":{"line":48,"column":24},"end":{"line":56,"column":1}},"17":{"start":{"line":48,"column":30},"end":{"line":56,"column":1}},"18":{"start":{"line":49,"column":2},"end":{"line":49,"column":33}},"19":{"start":{"line":50,"column":2},"end":{"line":50,"column":33}},"20":{"start":{"line":51,"column":2},"end":{"line":55,"column":52}},"21":{"start":{"line":53,"column":20},"end":{"line":53,"column":43}},"22":{"start":{"line":54,"column":20},"end":{"line":54,"column":51}},"23":{"start":{"line":55,"column":19},"end":{"line":55,"column":50}},"24":{"start":{"line":58,"column":24},"end":{"line":69,"column":1}},"25":{"start":{"line":58,"column":34},"end":{"line":69,"column":1}},"26":{"start":{"line":59,"column":2},"end":{"line":59,"column":33}},"27":{"start":{"line":60,"column":2},"end":{"line":60,"column":33}},"28":{"start":{"line":61,"column":2},"end":{"line":68,"column":52}},"29":{"start":{"line":63,"column":20},"end":{"line":63,"column":43}},"30":{"start":{"line":65,"column":6},"end":{"line":65,"column":38}},"31":{"start":{"line":66,"column":6},"end":{"line":66,"column":33}},"32":{"start":{"line":68,"column":19},"end":{"line":68,"column":50}},"33":{"start":{"line":71,"column":26},"end":{"line":82,"column":1}},"34":{"start":{"line":71,"column":36},"end":{"line":82,"column":1}},"35":{"start":{"line":72,"column":2},"end":{"line":72,"column":35}},"36":{"start":{"line":73,"column":2},"end":{"line":73,"column":35}},"37":{"start":{"line":74,"column":2},"end":{"line":81,"column":54}},"38":{"start":{"line":76,"column":20},"end":{"line":76,"column":43}},"39":{"start":{"line":78,"column":6},"end":{"line":78,"column":40}},"40":{"start":{"line":79,"column":6},"end":{"line":79,"column":33}},"41":{"start":{"line":81,"column":19},"end":{"line":81,"column":52}}},"fnMap":{"0":{"name":"(anonymous_0)","decl":{"start":{"line":13,"column":23},"end":{"line":13,"column":24}},"loc":{"start":{"line":13,"column":34},"end":{"line":16,"column":1}},"line":13},"1":{"name":"(anonymous_1)","decl":{"start":{"line":18,"column":30},"end":{"line":18,"column":31}},"loc":{"start":{"line":18,"column":46},"end":{"line":21,"column":1}},"line":18},"2":{"name":"(anonymous_2)","decl":{"start":{"line":23,"column":32},"end":{"line":23,"column":33}},"loc":{"start":{"line":23,"column":44},"end":{"line":26,"column":1}},"line":23},"3":{"name":"(anonymous_3)","decl":{"start":{"line":28,"column":30},"end":{"line":28,"column":31}},"loc":{"start":{"line":28,"column":46},"end":{"line":31,"column":1}},"line":28},"4":{"name":"(anonymous_4)","decl":{"start":{"line":33,"column":32},"end":{"line":33,"column":33}},"loc":{"start":{"line":33,"column":44},"end":{"line":36,"column":1}},"line":33},"5":{"name":"(anonymous_5)","decl":{"start":{"line":38,"column":32},"end":{"line":38,"column":33}},"loc":{"start":{"line":38,"column":48},"end":{"line":41,"column":1}},"line":38},"6":{"name":"(anonymous_6)","decl":{"start":{"line":43,"column":34},"end":{"line":43,"column":35}},"loc":{"start":{"line":43,"column":46},"end":{"line":46,"column":1}},"line":43},"7":{"name":"(anonymous_7)","decl":{"start":{"line":48,"column":24},"end":{"line":48,"column":25}},"loc":{"start":{"line":48,"column":30},"end":{"line":56,"column":1}},"line":48},"8":{"name":"(anonymous_8)","decl":{"start":{"line":48,"column":30},"end":{"line":48,"column":31}},"loc":{"start":{"line":48,"column":69},"end":{"line":56,"column":1}},"line":48},"9":{"name":"(anonymous_9)","decl":{"start":{"line":53,"column":10},"end":{"line":53,"column":11}},"loc":{"start":{"line":53,"column":20},"end":{"line":53,"column":43}},"line":53},"10":{"name":"(anonymous_10)","decl":{"start":{"line":54,"column":11},"end":{"line":54,"column":12}},"loc":{"start":{"line":54,"column":20},"end":{"line":54,"column":51}},"line":54},"11":{"name":"(anonymous_11)","decl":{"start":{"line":55,"column":13},"end":{"line":55,"column":14}},"loc":{"start":{"line":55,"column":19},"end":{"line":55,"column":50}},"line":55},"12":{"name":"(anonymous_12)","decl":{"start":{"line":58,"column":24},"end":{"line":58,"column":25}},"loc":{"start":{"line":58,"column":34},"end":{"line":69,"column":1}},"line":58},"13":{"name":"(anonymous_13)","decl":{"start":{"line":58,"column":34},"end":{"line":58,"column":35}},"loc":{"start":{"line":58,"column":73},"end":{"line":69,"column":1}},"line":58},"14":{"name":"(anonymous_14)","decl":{"start":{"line":63,"column":10},"end":{"line":63,"column":11}},"loc":{"start":{"line":63,"column":20},"end":{"line":63,"column":43}},"line":63},"15":{"name":"(anonymous_15)","decl":{"start":{"line":64,"column":11},"end":{"line":64,"column":12}},"loc":{"start":{"line":64,"column":20},"end":{"line":67,"column":5}},"line":64},"16":{"name":"(anonymous_16)","decl":{"start":{"line":68,"column":13},"end":{"line":68,"column":14}},"loc":{"start":{"line":68,"column":19},"end":{"line":68,"column":50}},"line":68},"17":{"name":"(anonymous_17)","decl":{"start":{"line":71,"column":26},"end":{"line":71,"column":27}},"loc":{"start":{"line":71,"column":36},"end":{"line":82,"column":1}},"line":71},"18":{"name":"(anonymous_18)","decl":{"start":{"line":71,"column":36},"end":{"line":71,"column":37}},"loc":{"start":{"line":71,"column":75},"end":{"line":82,"column":1}},"line":71},"19":{"name":"(anonymous_19)","decl":{"start":{"line":76,"column":10},"end":{"line":76,"column":11}},"loc":{"start":{"line":76,"column":20},"end":{"line":76,"column":43}},"line":76},"20":{"name":"(anonymous_20)","decl":{"start":{"line":77,"column":11},"end":{"line":77,"column":12}},"loc":{"start":{"line":77,"column":20},"end":{"line":80,"column":5}},"line":77},"21":{"name":"(anonymous_21)","decl":{"start":{"line":81,"column":13},"end":{"line":81,"column":14}},"loc":{"start":{"line":81,"column":19},"end":{"line":81,"column":52}},"line":81}},"branchMap":{},"s":{"0":0,"1":0,"2":0,"3":0,"4":0,"5":0,"6":0,"7":0,"8":0,"9":0,"10":0,"11":0,"12":0,"13":0,"14":0,"15":0,"16":0,"17":0,"18":0,"19":0,"20":0,"21":0,"22":0,"23":0,"24":0,"25":0,"26":0,"27":0,"28":0,"29":0,"30":0,"31":0,"32":0,"33":0,"34":0,"35":0,"36":0,"37":0,"38":0,"39":0,"40":0,"41":0},"f":{"0":0,"1":0,"2":0,"3":0,"4":0,"5":0,"6":0,"7":0,"8":0,"9":0,"10":0,"11":0,"12":0,"13":0,"14":0,"15":0,"16":0,"17":0,"18":0,"19":0,"20":0,"21":0},"b":{},"hash":"bcce1a4051d98089cbfa3f58c42c7f95f5ea95c4"}
,"D:\\practicum\\интенсив React\\Вебинар Тестирование\\1_precode\\src\\store\\current-user\\reducer.js": {"path":"D:\\practicum\\интенсив React\\Вебинар Тестирование\\1_precode\\src\\store\\current-user\\reducer.js","statementMap":{"0":{"start":{"line":3,"column":21},"end":{"line":11,"column":1}},"1":{"start":{"line":13,"column":16},"end":{"line":32,"column":1}},"2":{"start":{"line":14,"column":2},"end":{"line":31,"column":3}},"3":{"start":{"line":16,"column":6},"end":{"line":16,"column":48}},"4":{"start":{"line":18,"column":6},"end":{"line":18,"column":55}},"5":{"start":{"line":20,"column":6},"end":{"line":20,"column":53}},"6":{"start":{"line":22,"column":6},"end":{"line":22,"column":55}},"7":{"start":{"line":24,"column":6},"end":{"line":24,"column":57}},"8":{"start":{"line":26,"column":6},"end":{"line":26,"column":57}},"9":{"start":{"line":28,"column":6},"end":{"line":28,"column":59}},"10":{"start":{"line":30,"column":6},"end":{"line":30,"column":19}}},"fnMap":{"0":{"name":"(anonymous_0)","decl":{"start":{"line":13,"column":16},"end":{"line":13,"column":17}},"loc":{"start":{"line":13,"column":50},"end":{"line":32,"column":1}},"line":13}},"branchMap":{"0":{"loc":{"start":{"line":13,"column":17},"end":{"line":13,"column":37}},"type":"default-arg","locations":[{"start":{"line":13,"column":25},"end":{"line":13,"column":37}}],"line":13},"1":{"loc":{"start":{"line":14,"column":2},"end":{"line":31,"column":3}},"type":"switch","locations":[{"start":{"line":15,"column":4},"end":{"line":16,"column":48}},{"start":{"line":17,"column":4},"end":{"line":18,"column":55}},{"start":{"line":19,"column":4},"end":{"line":20,"column":53}},{"start":{"line":21,"column":4},"end":{"line":22,"column":55}},{"start":{"line":23,"column":4},"end":{"line":24,"column":57}},{"start":{"line":25,"column":4},"end":{"line":26,"column":57}},{"start":{"line":27,"column":4},"end":{"line":28,"column":59}},{"start":{"line":29,"column":4},"end":{"line":30,"column":19}}],"line":14}},"s":{"0":0,"1":0,"2":0,"3":0,"4":0,"5":0,"6":0,"7":0,"8":0,"9":0,"10":0},"f":{"0":0},"b":{"0":[0],"1":[0,0,0,0,0,0,0,0]},"hash":"43f50b4330bb61fc7dfcef527a3051822205e536"}
,"D:\\practicum\\интенсив React\\Вебинар Тестирование\\1_precode\\src\\store\\current-user\\selectors.js": {"path":"D:\\practicum\\интенсив React\\Вебинар Тестирование\\1_precode\\src\\store\\current-user\\selectors.js","statementMap":{"0":{"start":{"line":3,"column":30},"end":{"line":3,"column":57}},"1":{"start":{"line":3,"column":41},"end":{"line":3,"column":57}},"2":{"start":{"line":4,"column":32},"end":{"line":4,"column":66}},"3":{"start":{"line":4,"column":43},"end":{"line":4,"column":66}},"4":{"start":{"line":5,"column":34},"end":{"line":5,"column":70}},"5":{"start":{"line":5,"column":45},"end":{"line":5,"column":70}},"6":{"start":{"line":6,"column":34},"end":{"line":6,"column":70}},"7":{"start":{"line":6,"column":45},"end":{"line":6,"column":70}},"8":{"start":{"line":7,"column":36},"end":{"line":7,"column":74}},"9":{"start":{"line":7,"column":47},"end":{"line":7,"column":74}}},"fnMap":{"0":{"name":"(anonymous_0)","decl":{"start":{"line":3,"column":30},"end":{"line":3,"column":31}},"loc":{"start":{"line":3,"column":41},"end":{"line":3,"column":57}},"line":3},"1":{"name":"(anonymous_1)","decl":{"start":{"line":4,"column":32},"end":{"line":4,"column":33}},"loc":{"start":{"line":4,"column":43},"end":{"line":4,"column":66}},"line":4},"2":{"name":"(anonymous_2)","decl":{"start":{"line":5,"column":34},"end":{"line":5,"column":35}},"loc":{"start":{"line":5,"column":45},"end":{"line":5,"column":70}},"line":5},"3":{"name":"(anonymous_3)","decl":{"start":{"line":6,"column":34},"end":{"line":6,"column":35}},"loc":{"start":{"line":6,"column":45},"end":{"line":6,"column":70}},"line":6},"4":{"name":"(anonymous_4)","decl":{"start":{"line":7,"column":36},"end":{"line":7,"column":37}},"loc":{"start":{"line":7,"column":47},"end":{"line":7,"column":74}},"line":7}},"branchMap":{},"s":{"0":0,"1":0,"2":0,"3":0,"4":0,"5":0,"6":0,"7":0,"8":0,"9":0},"f":{"0":0,"1":0,"2":0,"3":0,"4":0},"b":{},"hash":"715ec516fe3ea81fa7ddbfcf8c37e2a23a3f36b3"}
,"D:\\practicum\\интенсив React\\Вебинар Тестирование\\1_precode\\src\\utils\\auth-api.js": {"path":"D:\\practicum\\интенсив React\\Вебинар Тестирование\\1_precode\\src\\utils\\auth-api.js","statementMap":{"0":{"start":{"line":4,"column":24},"end":{"line":14,"column":1}},"1":{"start":{"line":5,"column":2},"end":{"line":13,"column":20}},"2":{"start":{"line":16,"column":21},"end":{"line":26,"column":1}},"3":{"start":{"line":17,"column":2},"end":{"line":25,"column":20}},"4":{"start":{"line":28,"column":26},"end":{"line":38,"column":1}},"5":{"start":{"line":29,"column":2},"end":{"line":37,"column":20}}},"fnMap":{"0":{"name":"(anonymous_0)","decl":{"start":{"line":4,"column":24},"end":{"line":4,"column":25}},"loc":{"start":{"line":4,"column":45},"end":{"line":14,"column":1}},"line":4},"1":{"name":"(anonymous_1)","decl":{"start":{"line":16,"column":21},"end":{"line":16,"column":22}},"loc":{"start":{"line":16,"column":42},"end":{"line":26,"column":1}},"line":16},"2":{"name":"(anonymous_2)","decl":{"start":{"line":28,"column":26},"end":{"line":28,"column":27}},"loc":{"start":{"line":28,"column":37},"end":{"line":38,"column":1}},"line":28}},"branchMap":{},"s":{"0":0,"1":0,"2":0,"3":0,"4":0,"5":0},"f":{"0":0,"1":0,"2":0},"b":{},"hash":"f3813d5a55a9279926b65d4950f98c29ce851285"}
,"D:\\practicum\\интенсив React\\Вебинар Тестирование\\1_precode\\src\\utils\\constants.js": {"path":"D:\\practicum\\интенсив React\\Вебинар Тестирование\\1_precode\\src\\utils\\constants.js","statementMap":{"0":{"start":{"line":1,"column":28},"end":{"line":5,"column":1}},"1":{"start":{"line":7,"column":31},"end":{"line":7,"column":62}}},"fnMap":{},"branchMap":{},"s":{"0":0,"1":0},"f":{},"b":{},"hash":"5644e3e777276b587e6239792e18a5230a7783fe"}
,"D:\\practicum\\интенсив React\\Вебинар Тестирование\\1_precode\\src\\utils\\mesto-api.js": {"path":"D:\\practicum\\интенсив React\\Вебинар Тестирование\\1_precode\\src\\utils\\mesto-api.js","statementMap":{"0":{"start":{"line":6,"column":4},"end":{"line":6,"column":24}},"1":{"start":{"line":7,"column":4},"end":{"line":7,"column":28}},"2":{"start":{"line":8,"column":4},"end":{"line":8,"column":28}},"3":{"start":{"line":12,"column":4},"end":{"line":17,"column":24}},"4":{"start":{"line":21,"column":4},"end":{"line":32,"column":24}},"5":{"start":{"line":36,"column":4},"end":{"line":42,"column":24}},"6":{"start":{"line":46,"column":4},"end":{"line":51,"column":24}},"7":{"start":{"line":55,"column":4},"end":{"line":66,"column":24}},"8":{"start":{"line":70,"column":4},"end":{"line":80,"column":24}},"9":{"start":{"line":85,"column":4},"end":{"line":92,"column":24}},"10":{"start":{"line":96,"column":12},"end":{"line":96,"column":38}}},"fnMap":{"0":{"name":"(anonymous_0)","decl":{"start":{"line":5,"column":2},"end":{"line":5,"column":3}},"loc":{"start":{"line":5,"column":43},"end":{"line":9,"column":3}},"line":5},"1":{"name":"(anonymous_1)","decl":{"start":{"line":11,"column":2},"end":{"line":11,"column":3}},"loc":{"start":{"line":11,"column":16},"end":{"line":18,"column":3}},"line":11},"2":{"name":"(anonymous_2)","decl":{"start":{"line":20,"column":2},"end":{"line":20,"column":3}},"loc":{"start":{"line":20,"column":26},"end":{"line":33,"column":3}},"line":20},"3":{"name":"(anonymous_3)","decl":{"start":{"line":35,"column":2},"end":{"line":35,"column":3}},"loc":{"start":{"line":35,"column":21},"end":{"line":43,"column":3}},"line":35},"4":{"name":"(anonymous_4)","decl":{"start":{"line":45,"column":2},"end":{"line":45,"column":3}},"loc":{"start":{"line":45,"column":16},"end":{"line":52,"column":3}},"line":45},"5":{"name":"(anonymous_5)","decl":{"start":{"line":54,"column":2},"end":{"line":54,"column":3}},"loc":{"start":{"line":54,"column":31},"end":{"line":67,"column":3}},"line":54},"6":{"name":"(anonymous_6)","decl":{"start":{"line":69,"column":2},"end":{"line":69,"column":3}},"loc":{"start":{"line":69,"column":28},"end":{"line":82,"column":3}},"line":69},"7":{"name":"(anonymous_7)","decl":{"start":{"line":84,"column":2},"end":{"line":84,"column":3}},"loc":{"start":{"line":84,"column":37},"end":{"line":93,"column":3}},"line":84}},"branchMap":{"0":{"loc":{"start":{"line":86,"column":14},"end":{"line":86,"column":37}},"type":"cond-expr","locations":[{"start":{"line":86,"column":21},"end":{"line":86,"column":26}},{"start":{"line":86,"column":29},"end":{"line":86,"column":37}}],"line":86}},"s":{"0":0,"1":0,"2":0,"3":0,"4":0,"5":0,"6":0,"7":0,"8":0,"9":0,"10":0},"f":{"0":0,"1":0,"2":0,"3":0,"4":0,"5":0,"6":0,"7":0},"b":{"0":[0,0]},"hash":"dc1390df627729bea7793eed07eb4c0166f13e85"}
,"D:\\practicum\\интенсив React\\Вебинар Тестирование\\1_precode\\src\\utils\\prop-types.js": {"path":"D:\\practicum\\интенсив React\\Вебинар Тестирование\\1_precode\\src\\utils\\prop-types.js","statementMap":{"0":{"start":{"line":3,"column":29},"end":{"line":9,"column":2}},"1":{"start":{"line":11,"column":29},"end":{"line":18,"column":2}}},"fnMap":{},"branchMap":{},"s":{"0":0,"1":0},"f":{},"b":{},"hash":"c18a1e6556f6ca34f57edb77abcbd1afb338df81"}
,"D:\\practicum\\интенсив React\\Вебинар Тестирование\\1_precode\\src\\utils\\utils.js": {"path":"D:\\practicum\\интенсив React\\Вебинар Тестирование\\1_precode\\src\\utils\\utils.js","statementMap":{"0":{"start":{"line":1,"column":27},"end":{"line":3,"column":1}},"1":{"start":{"line":2,"column":2},"end":{"line":2,"column":71}}},"fnMap":{"0":{"name":"(anonymous_0)","decl":{"start":{"line":1,"column":27},"end":{"line":1,"column":28}},"loc":{"start":{"line":1,"column":36},"end":{"line":3,"column":1}},"line":1}},"branchMap":{"0":{"loc":{"start":{"line":2,"column":9},"end":{"line":2,"column":70}},"type":"cond-expr","locations":[{"start":{"line":2,"column":18},"end":{"line":2,"column":28}},{"start":{"line":2,"column":31},"end":{"line":2,"column":70}}],"line":2}},"s":{"0":1,"1":2},"f":{"0":2},"b":{"0":[1,1]},"_coverageSchema":"43e27e138ebf9cfc5966b082cf9a028302ed4184","hash":"89354aeb2e174ab9e22a9c80a65b540113d26796"}
}
